{"/usr/src/app/src/auth.controller.ts": {"path":"/usr/src/app/src/auth.controller.ts","statementMap":{"0":{"start":{"line":1,"column":0},"end":{"line":1,"column":78}},"1":{"start":{"line":2,"column":0},"end":{"line":2,"column":54}},"2":{"start":{"line":3,"column":0},"end":{"line":3,"column":54}},"3":{"start":{"line":4,"column":0},"end":{"line":4,"column":83}},"4":{"start":{"line":6,"column":7},"end":{"line":30,"column":null}},"5":{"start":{"line":7,"column":33},"end":{"line":7,"column":46}},"6":{"start":{"line":17,"column":8},"end":{"line":17,"column":78}},"7":{"start":{"line":28,"column":8},"end":{"line":28,"column":64}},"8":{"start":{"line":6,"column":13},"end":{"line":6,"column":27}},"9":{"start":{"line":16,"column":10},"end":{"line":18,"column":null}},"10":{"start":{"line":27,"column":10},"end":{"line":29,"column":null}},"11":{"start":{"line":6,"column":13},"end":{"line":30,"column":null}}},"fnMap":{"0":{"name":"(anonymous_4)","decl":{"start":{"line":7,"column":4},"end":{"line":7,"column":33}},"loc":{"start":{"line":7,"column":57},"end":{"line":7,"column":62}}},"1":{"name":"(anonymous_5)","decl":{"start":{"line":16,"column":4},"end":{"line":16,"column":9}},"loc":{"start":{"line":16,"column":39},"end":{"line":18,"column":5}}},"2":{"name":"(anonymous_6)","decl":{"start":{"line":27,"column":4},"end":{"line":27,"column":9}},"loc":{"start":{"line":27,"column":39},"end":{"line":29,"column":5}}}},"branchMap":{},"s":{"0":2,"1":2,"2":2,"3":2,"4":2,"5":2,"6":9,"7":7,"8":2,"9":2,"10":2,"11":2},"f":{"0":2,"1":9,"2":7},"b":{}}
,"/usr/src/app/src/graph.controller.ts": {"path":"/usr/src/app/src/graph.controller.ts","statementMap":{"0":{"start":{"line":1,"column":0},"end":{"line":1,"column":78}},"1":{"start":{"line":2,"column":0},"end":{"line":2,"column":47}},"2":{"start":{"line":3,"column":0},"end":{"line":3,"column":71}},"3":{"start":{"line":5,"column":0},"end":{"line":5,"column":83}},"4":{"start":{"line":6,"column":0},"end":{"line":6,"column":32}},"5":{"start":{"line":7,"column":0},"end":{"line":7,"column":45}},"6":{"start":{"line":8,"column":0},"end":{"line":8,"column":74}},"7":{"start":{"line":9,"column":0},"end":{"line":9,"column":54}},"8":{"start":{"line":11,"column":7},"end":{"line":56,"column":null}},"9":{"start":{"line":13,"column":31},"end":{"line":13,"column":45}},"10":{"start":{"line":30,"column":4},"end":{"line":33,"column":31}},"11":{"start":{"line":31,"column":6},"end":{"line":31,"column":null}},"12":{"start":{"line":32,"column":6},"end":{"line":32,"column":57}},"13":{"start":{"line":33,"column":20},"end":{"line":33,"column":30}},"14":{"start":{"line":50,"column":4},"end":{"line":53,"column":33}},"15":{"start":{"line":51,"column":6},"end":{"line":51,"column":null}},"16":{"start":{"line":52,"column":6},"end":{"line":52,"column":56}},"17":{"start":{"line":53,"column":20},"end":{"line":53,"column":32}},"18":{"start":{"line":11,"column":13},"end":{"line":11,"column":28}},"19":{"start":{"line":26,"column":8},"end":{"line":34,"column":null}},"20":{"start":{"line":46,"column":8},"end":{"line":55,"column":null}},"21":{"start":{"line":11,"column":13},"end":{"line":56,"column":null}}},"fnMap":{"0":{"name":"(anonymous_4)","decl":{"start":{"line":13,"column":2},"end":{"line":13,"column":31}},"loc":{"start":{"line":13,"column":57},"end":{"line":13,"column":62}}},"1":{"name":"(anonymous_5)","decl":{"start":{"line":26,"column":2},"end":{"line":26,"column":7}},"loc":{"start":{"line":28,"column":42},"end":{"line":34,"column":3}}},"2":{"name":"(anonymous_6)","decl":{"start":{"line":46,"column":2},"end":{"line":46,"column":7}},"loc":{"start":{"line":48,"column":42},"end":{"line":55,"column":3}}}},"branchMap":{},"s":{"0":2,"1":2,"2":2,"3":2,"4":2,"5":2,"6":2,"7":2,"8":2,"9":2,"10":2,"11":2,"12":2,"13":0,"14":1,"15":1,"16":1,"17":0,"18":2,"19":2,"20":2,"21":2},"f":{"0":2,"1":2,"2":1},"b":{}}
,"/usr/src/app/src/graph.service.ts": {"path":"/usr/src/app/src/graph.service.ts","statementMap":{"0":{"start":{"line":1,"column":0},"end":{"line":1,"column":44}},"1":{"start":{"line":6,"column":7},"end":{"line":125,"column":null}},"2":{"start":{"line":8,"column":14},"end":{"line":8,"column":18}},"3":{"start":{"line":9,"column":17},"end":{"line":9,"column":46}},"4":{"start":{"line":10,"column":17},"end":{"line":10,"column":46}},"5":{"start":{"line":11,"column":14},"end":{"line":13,"column":29}},"6":{"start":{"line":14,"column":4},"end":{"line":14,"column":62}},"7":{"start":{"line":18,"column":36},"end":{"line":18,"column":39}},"8":{"start":{"line":19,"column":19},"end":{"line":19,"column":84}},"9":{"start":{"line":19,"column":46},"end":{"line":19,"column":82}},"10":{"start":{"line":20,"column":18},"end":{"line":20,"column":56}},"11":{"start":{"line":22,"column":4},"end":{"line":29,"column":7}},"12":{"start":{"line":23,"column":24},"end":{"line":23,"column":49}},"13":{"start":{"line":24,"column":6},"end":{"line":27,"column":9}},"14":{"start":{"line":25,"column":8},"end":{"line":26,"column":76}},"15":{"start":{"line":26,"column":10},"end":{"line":26,"column":76}},"16":{"start":{"line":28,"column":6},"end":{"line":28,"column":31}},"17":{"start":{"line":31,"column":21},"end":{"line":59,"column":5}},"18":{"start":{"line":32,"column":24},"end":{"line":32,"column":115}},"19":{"start":{"line":32,"column":82},"end":{"line":32,"column":113}},"20":{"start":{"line":33,"column":23},"end":{"line":33,"column":55}},"21":{"start":{"line":34,"column":37},"end":{"line":34,"column":49}},"22":{"start":{"line":35,"column":22},"end":{"line":35,"column":39}},"23":{"start":{"line":37,"column":6},"end":{"line":50,"column":7}},"24":{"start":{"line":38,"column":8},"end":{"line":38,"column":39}},"25":{"start":{"line":38,"column":26},"end":{"line":38,"column":37}},"26":{"start":{"line":39,"column":26},"end":{"line":39,"column":37}},"27":{"start":{"line":40,"column":8},"end":{"line":40,"column":40}},"28":{"start":{"line":40,"column":31},"end":{"line":40,"column":40}},"29":{"start":{"line":41,"column":8},"end":{"line":41,"column":26}},"30":{"start":{"line":42,"column":8},"end":{"line":49,"column":9}},"31":{"start":{"line":43,"column":22},"end":{"line":43,"column":32}},"32":{"start":{"line":44,"column":10},"end":{"line":48,"column":11}},"33":{"start":{"line":45,"column":12},"end":{"line":45,"column":35}},"34":{"start":{"line":46,"column":12},"end":{"line":46,"column":35}},"35":{"start":{"line":47,"column":12},"end":{"line":47,"column":31}},"36":{"start":{"line":52,"column":29},"end":{"line":52,"column":31}},"37":{"start":{"line":53,"column":32},"end":{"line":53,"column":35}},"38":{"start":{"line":54,"column":6},"end":{"line":57,"column":7}},"39":{"start":{"line":55,"column":8},"end":{"line":55,"column":27}},"40":{"start":{"line":56,"column":8},"end":{"line":56,"column":42}},"41":{"start":{"line":58,"column":6},"end":{"line":58,"column":64}},"42":{"start":{"line":61,"column":20},"end":{"line":61,"column":35}},"43":{"start":{"line":62,"column":17},"end":{"line":62,"column":23}},"44":{"start":{"line":63,"column":24},"end":{"line":63,"column":25}},"45":{"start":{"line":64,"column":18},"end":{"line":64,"column":22}},"46":{"start":{"line":66,"column":4},"end":{"line":83,"column":5}},"47":{"start":{"line":67,"column":20},"end":{"line":67,"column":22}},"48":{"start":{"line":67,"column":34},"end":{"line":67,"column":42}},"49":{"start":{"line":68,"column":6},"end":{"line":76,"column":7}},"50":{"start":{"line":69,"column":8},"end":{"line":75,"column":9}},"51":{"start":{"line":70,"column":31},"end":{"line":70,"column":54}},"52":{"start":{"line":71,"column":10},"end":{"line":74,"column":11}},"53":{"start":{"line":72,"column":12},"end":{"line":72,"column":31}},"54":{"start":{"line":73,"column":12},"end":{"line":73,"column":27}},"55":{"start":{"line":77,"column":6},"end":{"line":77,"column":26}},"56":{"start":{"line":77,"column":20},"end":{"line":77,"column":26}},"57":{"start":{"line":78,"column":42},"end":{"line":78,"column":68}},"58":{"start":{"line":79,"column":6},"end":{"line":79,"column":32}},"59":{"start":{"line":80,"column":6},"end":{"line":80,"column":37}},"60":{"start":{"line":81,"column":6},"end":{"line":81,"column":27}},"61":{"start":{"line":82,"column":6},"end":{"line":82,"column":24}},"62":{"start":{"line":85,"column":4},"end":{"line":89,"column":5}},"63":{"start":{"line":86,"column":44},"end":{"line":86,"column":65}},"64":{"start":{"line":87,"column":6},"end":{"line":87,"column":32}},"65":{"start":{"line":88,"column":6},"end":{"line":88,"column":39}},"66":{"start":{"line":91,"column":4},"end":{"line":91,"column":68}},"67":{"start":{"line":95,"column":4},"end":{"line":95,"column":35}},"68":{"start":{"line":96,"column":19},"end":{"line":96,"column":37}},"69":{"start":{"line":97,"column":4},"end":{"line":97,"column":38}},"70":{"start":{"line":99,"column":4},"end":{"line":99,"column":null}},"71":{"start":{"line":103,"column":4},"end":{"line":103,"column":41}},"72":{"start":{"line":106,"column":4},"end":{"line":106,"column":45}},"73":{"start":{"line":107,"column":30},"end":{"line":108,"column":null}},"74":{"start":{"line":108,"column":30},"end":{"line":108,"column":54}},"75":{"start":{"line":110,"column":4},"end":{"line":110,"column":48}},"76":{"start":{"line":113,"column":4},"end":{"line":113,"column":null}},"77":{"start":{"line":114,"column":57},"end":{"line":114,"column":59}},"78":{"start":{"line":115,"column":4},"end":{"line":117,"column":5}},"79":{"start":{"line":116,"column":6},"end":{"line":116,"column":61}},"80":{"start":{"line":118,"column":4},"end":{"line":118,"column":39}},"81":{"start":{"line":120,"column":4},"end":{"line":123,"column":6}},"82":{"start":{"line":6,"column":13},"end":{"line":6,"column":25}},"83":{"start":{"line":6,"column":13},"end":{"line":125,"column":null}}},"fnMap":{"0":{"name":"(anonymous_1)","decl":{"start":{"line":7,"column":10},"end":{"line":7,"column":19}},"loc":{"start":{"line":7,"column":74},"end":{"line":15,"column":3}}},"1":{"name":"(anonymous_2)","decl":{"start":{"line":17,"column":10},"end":{"line":17,"column":18}},"loc":{"start":{"line":17,"column":39},"end":{"line":92,"column":3}}},"2":{"name":"(anonymous_3)","decl":{"start":{"line":19,"column":41},"end":{"line":19,"column":42}},"loc":{"start":{"line":19,"column":46},"end":{"line":19,"column":82}}},"3":{"name":"(anonymous_4)","decl":{"start":{"line":22,"column":19},"end":{"line":22,"column":20}},"loc":{"start":{"line":22,"column":30},"end":{"line":29,"column":5}}},"4":{"name":"(anonymous_5)","decl":{"start":{"line":24,"column":21},"end":{"line":24,"column":22}},"loc":{"start":{"line":24,"column":32},"end":{"line":27,"column":7}}},"5":{"name":"(anonymous_6)","decl":{"start":{"line":31,"column":21},"end":{"line":31,"column":22}},"loc":{"start":{"line":31,"column":52},"end":{"line":59,"column":5}}},"6":{"name":"(anonymous_7)","decl":{"start":{"line":32,"column":77},"end":{"line":32,"column":78}},"loc":{"start":{"line":32,"column":82},"end":{"line":32,"column":113}}},"7":{"name":"(anonymous_8)","decl":{"start":{"line":38,"column":16},"end":{"line":38,"column":17}},"loc":{"start":{"line":38,"column":26},"end":{"line":38,"column":37}}},"8":{"name":"(anonymous_9)","decl":{"start":{"line":94,"column":2},"end":{"line":94,"column":7}},"loc":{"start":{"line":94,"column":43},"end":{"line":100,"column":3}}},"9":{"name":"(anonymous_10)","decl":{"start":{"line":102,"column":2},"end":{"line":102,"column":7}},"loc":{"start":{"line":102,"column":43},"end":{"line":124,"column":3}}},"10":{"name":"(anonymous_11)","decl":{"start":{"line":108,"column":23},"end":{"line":108,"column":26}},"loc":{"start":{"line":108,"column":30},"end":{"line":108,"column":54}}}},"branchMap":{"0":{"loc":{"start":{"line":25,"column":8},"end":{"line":26,"column":76}},"type":"if","locations":[{"start":{"line":25,"column":8},"end":{"line":26,"column":76}}]},"1":{"loc":{"start":{"line":32,"column":86},"end":{"line":32,"column":112}},"type":"cond-expr","locations":[{"start":{"line":32,"column":100},"end":{"line":32,"column":101}},{"start":{"line":32,"column":104},"end":{"line":32,"column":112}}]},"2":{"loc":{"start":{"line":40,"column":8},"end":{"line":40,"column":40}},"type":"if","locations":[{"start":{"line":40,"column":8},"end":{"line":40,"column":40}}]},"3":{"loc":{"start":{"line":42,"column":35},"end":{"line":42,"column":56}},"type":"binary-expr","locations":[{"start":{"line":42,"column":35},"end":{"line":42,"column":50}},{"start":{"line":42,"column":54},"end":{"line":42,"column":56}}]},"4":{"loc":{"start":{"line":44,"column":10},"end":{"line":48,"column":11}},"type":"if","locations":[{"start":{"line":44,"column":10},"end":{"line":48,"column":11}}]},"5":{"loc":{"start":{"line":44,"column":21},"end":{"line":44,"column":50}},"type":"binary-expr","locations":[{"start":{"line":44,"column":21},"end":{"line":44,"column":38}},{"start":{"line":44,"column":42},"end":{"line":44,"column":50}}]},"6":{"loc":{"start":{"line":56,"column":15},"end":{"line":56,"column":41}},"type":"binary-expr","locations":[{"start":{"line":56,"column":15},"end":{"line":56,"column":33}},{"start":{"line":56,"column":37},"end":{"line":56,"column":41}}]},"7":{"loc":{"start":{"line":58,"column":31},"end":{"line":58,"column":61}},"type":"binary-expr","locations":[{"start":{"line":58,"column":31},"end":{"line":58,"column":49}},{"start":{"line":58,"column":53},"end":{"line":58,"column":61}}]},"8":{"loc":{"start":{"line":69,"column":8},"end":{"line":75,"column":9}},"type":"if","locations":[{"start":{"line":69,"column":8},"end":{"line":75,"column":9}}]},"9":{"loc":{"start":{"line":69,"column":12},"end":{"line":69,"column":45}},"type":"binary-expr","locations":[{"start":{"line":69,"column":12},"end":{"line":69,"column":30}},{"start":{"line":69,"column":34},"end":{"line":69,"column":45}}]},"10":{"loc":{"start":{"line":71,"column":10},"end":{"line":74,"column":11}},"type":"if","locations":[{"start":{"line":71,"column":10},"end":{"line":74,"column":11}}]},"11":{"loc":{"start":{"line":77,"column":6},"end":{"line":77,"column":26}},"type":"if","locations":[{"start":{"line":77,"column":6},"end":{"line":77,"column":26}}]},"12":{"loc":{"start":{"line":85,"column":4},"end":{"line":89,"column":5}},"type":"if","locations":[{"start":{"line":85,"column":4},"end":{"line":89,"column":5}}]}},"s":{"0":2,"1":2,"2":36,"3":36,"4":36,"5":36,"6":36,"7":6,"8":6,"9":18,"10":6,"11":6,"12":18,"13":18,"14":54,"15":36,"16":18,"17":6,"18":18,"19":54,"20":18,"21":18,"22":18,"23":18,"24":54,"25":18,"26":54,"27":54,"28":0,"29":54,"30":54,"31":108,"32":108,"33":36,"34":36,"35":36,"36":18,"37":18,"38":18,"39":36,"40":36,"41":18,"42":6,"43":6,"44":6,"45":6,"46":6,"47":6,"48":6,"49":6,"50":18,"51":6,"52":6,"53":6,"54":6,"55":6,"56":0,"57":6,"58":6,"59":6,"60":6,"61":6,"62":6,"63":6,"64":6,"65":6,"66":6,"67":6,"68":6,"69":6,"70":6,"71":1,"72":1,"73":1,"74":2,"75":1,"76":1,"77":1,"78":1,"79":2,"80":1,"81":1,"82":2,"83":2},"f":{"0":36,"1":6,"2":18,"3":18,"4":54,"5":18,"6":54,"7":18,"8":6,"9":1,"10":2},"b":{"0":[36],"1":[18,36],"2":[0],"3":[54,0],"4":[36],"5":[108,0],"6":[36,18],"7":[18,0],"8":[6],"9":[18,12],"10":[6],"11":[0],"12":[6]}}
,"/usr/src/app/src/TestSuite/graph.controller.spec.ts": {"path":"/usr/src/app/src/TestSuite/graph.controller.spec.ts","statementMap":{"0":{"start":{"line":1,"column":0},"end":{"line":1,"column":54}},"1":{"start":{"line":2,"column":0},"end":{"line":2,"column":54}},"2":{"start":{"line":3,"column":0},"end":{"line":3,"column":48}},"3":{"start":{"line":7,"column":0},"end":{"line":7,"column":33}},"4":{"start":{"line":9,"column":0},"end":{"line":90,"column":null}},"5":{"start":{"line":13,"column":29},"end":{"line":16,"column":null}},"6":{"start":{"line":18,"column":4},"end":{"line":28,"column":null}},"7":{"start":{"line":19,"column":38},"end":{"line":24,"column":20}},"8":{"start":{"line":26,"column":8},"end":{"line":26,"column":49}},"9":{"start":{"line":27,"column":8},"end":{"line":27,"column":null}},"10":{"start":{"line":30,"column":4},"end":{"line":32,"column":null}},"11":{"start":{"line":31,"column":8},"end":{"line":31,"column":29}},"12":{"start":{"line":34,"column":4},"end":{"line":57,"column":null}},"13":{"start":{"line":35,"column":8},"end":{"line":55,"column":null}},"14":{"start":{"line":36,"column":41},"end":{"line":43,"column":null}},"15":{"start":{"line":44,"column":48},"end":{"line":44,"column":102}},"16":{"start":{"line":45,"column":54},"end":{"line":48,"column":null}},"17":{"start":{"line":49,"column":12},"end":{"line":49,"column":null}},"18":{"start":{"line":51,"column":27},"end":{"line":51,"column":72}},"19":{"start":{"line":53,"column":12},"end":{"line":53,"column":null}},"20":{"start":{"line":54,"column":12},"end":{"line":54,"column":null}},"21":{"start":{"line":58,"column":4},"end":{"line":87,"column":null}},"22":{"start":{"line":59,"column":8},"end":{"line":86,"column":null}},"23":{"start":{"line":60,"column":42},"end":{"line":71,"column":null}},"24":{"start":{"line":72,"column":48},"end":{"line":75,"column":null}},"25":{"start":{"line":76,"column":29},"end":{"line":79,"column":null}},"26":{"start":{"line":80,"column":12},"end":{"line":80,"column":null}},"27":{"start":{"line":82,"column":27},"end":{"line":82,"column":77}},"28":{"start":{"line":84,"column":12},"end":{"line":84,"column":null}},"29":{"start":{"line":85,"column":12},"end":{"line":85,"column":null}}},"fnMap":{"0":{"name":"(anonymous_0)","decl":{"start":{"line":9,"column":28},"end":{"line":9,"column":31}},"loc":{"start":{"line":9,"column":33},"end":{"line":90,"column":1}}},"1":{"name":"(anonymous_1)","decl":{"start":{"line":18,"column":15},"end":{"line":18,"column":20}},"loc":{"start":{"line":18,"column":26},"end":{"line":28,"column":5}}},"2":{"name":"(anonymous_2)","decl":{"start":{"line":30,"column":14},"end":{"line":30,"column":17}},"loc":{"start":{"line":30,"column":19},"end":{"line":32,"column":5}}},"3":{"name":"(anonymous_3)","decl":{"start":{"line":34,"column":39},"end":{"line":34,"column":42}},"loc":{"start":{"line":34,"column":44},"end":{"line":57,"column":5}}},"4":{"name":"(anonymous_4)","decl":{"start":{"line":35,"column":78},"end":{"line":35,"column":83}},"loc":{"start":{"line":35,"column":89},"end":{"line":55,"column":9}}},"5":{"name":"(anonymous_5)","decl":{"start":{"line":58,"column":35},"end":{"line":58,"column":38}},"loc":{"start":{"line":58,"column":40},"end":{"line":87,"column":5}}},"6":{"name":"(anonymous_6)","decl":{"start":{"line":59,"column":63},"end":{"line":59,"column":68}},"loc":{"start":{"line":59,"column":74},"end":{"line":86,"column":9}}}},"branchMap":{},"s":{"0":0,"1":0,"2":0,"3":0,"4":0,"5":0,"6":0,"7":0,"8":0,"9":0,"10":0,"11":0,"12":0,"13":0,"14":0,"15":0,"16":0,"17":0,"18":0,"19":0,"20":0,"21":0,"22":0,"23":0,"24":0,"25":0,"26":0,"27":0,"28":0,"29":0},"f":{"0":0,"1":0,"2":0,"3":0,"4":0,"5":0,"6":0},"b":{}}
,"/usr/src/app/src/TestSuite/graph.service.spec.ts": {"path":"/usr/src/app/src/TestSuite/graph.service.spec.ts","statementMap":{"0":{"start":{"line":1,"column":0},"end":{"line":1,"column":54}},"1":{"start":{"line":2,"column":0},"end":{"line":2,"column":48}},"2":{"start":{"line":5,"column":0},"end":{"line":88,"column":null}},"3":{"start":{"line":8,"column":4},"end":{"line":14,"column":7}},"4":{"start":{"line":9,"column":38},"end":{"line":11,"column":20}},"5":{"start":{"line":13,"column":8},"end":{"line":13,"column":null}},"6":{"start":{"line":15,"column":4},"end":{"line":17,"column":null}},"7":{"start":{"line":16,"column":8},"end":{"line":16,"column":38}},"8":{"start":{"line":19,"column":4},"end":{"line":55,"column":null}},"9":{"start":{"line":20,"column":8},"end":{"line":40,"column":11}},"10":{"start":{"line":21,"column":41},"end":{"line":29,"column":14}},"11":{"start":{"line":30,"column":27},"end":{"line":30,"column":60}},"12":{"start":{"line":32,"column":12},"end":{"line":32,"column":41}},"13":{"start":{"line":33,"column":12},"end":{"line":33,"column":50}},"14":{"start":{"line":34,"column":12},"end":{"line":34,"column":54}},"15":{"start":{"line":35,"column":12},"end":{"line":35,"column":58}},"16":{"start":{"line":36,"column":12},"end":{"line":36,"column":58}},"17":{"start":{"line":37,"column":12},"end":{"line":37,"column":null}},"18":{"start":{"line":38,"column":12},"end":{"line":38,"column":45}},"19":{"start":{"line":39,"column":12},"end":{"line":39,"column":null}},"20":{"start":{"line":41,"column":8},"end":{"line":54,"column":null}},"21":{"start":{"line":42,"column":41},"end":{"line":49,"column":null}},"22":{"start":{"line":50,"column":27},"end":{"line":50,"column":60}},"23":{"start":{"line":52,"column":12},"end":{"line":52,"column":null}},"24":{"start":{"line":53,"column":12},"end":{"line":53,"column":null}},"25":{"start":{"line":56,"column":4},"end":{"line":87,"column":null}},"26":{"start":{"line":57,"column":8},"end":{"line":86,"column":null}},"27":{"start":{"line":58,"column":42},"end":{"line":79,"column":14}},"28":{"start":{"line":80,"column":27},"end":{"line":80,"column":59}},"29":{"start":{"line":82,"column":12},"end":{"line":82,"column":63}},"30":{"start":{"line":83,"column":12},"end":{"line":83,"column":63}},"31":{"start":{"line":84,"column":12},"end":{"line":84,"column":60}},"32":{"start":{"line":85,"column":12},"end":{"line":85,"column":null}}},"fnMap":{"0":{"name":"(anonymous_0)","decl":{"start":{"line":5,"column":25},"end":{"line":5,"column":28}},"loc":{"start":{"line":5,"column":30},"end":{"line":88,"column":1}}},"1":{"name":"(anonymous_1)","decl":{"start":{"line":8,"column":15},"end":{"line":8,"column":20}},"loc":{"start":{"line":8,"column":26},"end":{"line":14,"column":5}}},"2":{"name":"(anonymous_2)","decl":{"start":{"line":15,"column":28},"end":{"line":15,"column":31}},"loc":{"start":{"line":15,"column":33},"end":{"line":17,"column":5}}},"3":{"name":"(anonymous_3)","decl":{"start":{"line":19,"column":31},"end":{"line":19,"column":34}},"loc":{"start":{"line":19,"column":36},"end":{"line":55,"column":5}}},"4":{"name":"(anonymous_4)","decl":{"start":{"line":20,"column":55},"end":{"line":20,"column":60}},"loc":{"start":{"line":20,"column":66},"end":{"line":40,"column":9}}},"5":{"name":"(anonymous_5)","decl":{"start":{"line":41,"column":70},"end":{"line":41,"column":75}},"loc":{"start":{"line":41,"column":81},"end":{"line":54,"column":9}}},"6":{"name":"(anonymous_6)","decl":{"start":{"line":56,"column":30},"end":{"line":56,"column":33}},"loc":{"start":{"line":56,"column":35},"end":{"line":87,"column":5}}},"7":{"name":"(anonymous_7)","decl":{"start":{"line":57,"column":62},"end":{"line":57,"column":67}},"loc":{"start":{"line":57,"column":73},"end":{"line":86,"column":9}}}},"branchMap":{},"s":{"0":0,"1":0,"2":0,"3":0,"4":0,"5":0,"6":0,"7":0,"8":0,"9":0,"10":0,"11":0,"12":0,"13":0,"14":0,"15":0,"16":0,"17":0,"18":0,"19":0,"20":0,"21":0,"22":0,"23":0,"24":0,"25":0,"26":0,"27":0,"28":0,"29":0,"30":0,"31":0,"32":0},"f":{"0":0,"1":0,"2":0,"3":0,"4":0,"5":0,"6":0,"7":0},"b":{}}
,"/usr/src/app/src/auth/jwt.schema.ts": {"path":"/usr/src/app/src/auth/jwt.schema.ts","statementMap":{"0":{"start":{"line":3,"column":0},"end":{"line":3,"column":13}}},"fnMap":{},"branchMap":{},"s":{"0":2},"f":{},"b":{}}
,"/usr/src/app/src/common/decorators/current-user.decorators.ts": {"path":"/usr/src/app/src/common/decorators/current-user.decorators.ts","statementMap":{"0":{"start":{"line":1,"column":0},"end":{"line":1,"column":72}},"1":{"start":{"line":3,"column":13},"end":{"line":8,"column":2}},"2":{"start":{"line":5,"column":24},"end":{"line":5,"column":55}},"3":{"start":{"line":6,"column":8},"end":{"line":6,"column":28}}},"fnMap":{"0":{"name":"(anonymous_0)","decl":{"start":{"line":4,"column":4},"end":{"line":4,"column":5}},"loc":{"start":{"line":4,"column":46},"end":{"line":7,"column":5}}}},"branchMap":{},"s":{"0":2,"1":2,"2":3,"3":3},"f":{"0":3},"b":{}}
,"/usr/src/app/src/dto/auth.dto.ts": {"path":"/usr/src/app/src/dto/auth.dto.ts","statementMap":{"0":{"start":{"line":1,"column":0},"end":{"line":1,"column":63}},"1":{"start":{"line":2,"column":0},"end":{"line":2,"column":46}},"2":{"start":{"line":4,"column":0},"end":{"line":4,"column":13}},"3":{"start":{"line":7,"column":4},"end":{"line":7,"column":null}},"4":{"start":{"line":11,"column":4},"end":{"line":11,"column":null}},"5":{"start":{"line":16,"column":4},"end":{"line":16,"column":null}},"6":{"start":{"line":19,"column":0},"end":{"line":19,"column":13}},"7":{"start":{"line":22,"column":4},"end":{"line":22,"column":null}},"8":{"start":{"line":26,"column":4},"end":{"line":26,"column":null}}},"fnMap":{},"branchMap":{},"s":{"0":2,"1":2,"2":2,"3":2,"4":2,"5":2,"6":2,"7":2,"8":2},"f":{},"b":{}}
,"/usr/src/app/src/dto/graph-response.dto.ts": {"path":"/usr/src/app/src/dto/graph-response.dto.ts","statementMap":{"0":{"start":{"line":1,"column":0},"end":{"line":1,"column":51}},"1":{"start":{"line":2,"column":0},"end":{"line":2,"column":46}},"2":{"start":{"line":4,"column":0},"end":{"line":4,"column":13}},"3":{"start":{"line":7,"column":2},"end":{"line":7,"column":null}},"4":{"start":{"line":10,"column":2},"end":{"line":10,"column":null}},"5":{"start":{"line":13,"column":0},"end":{"line":13,"column":13}},"6":{"start":{"line":15,"column":2},"end":{"line":15,"column":null}}},"fnMap":{},"branchMap":{},"s":{"0":0,"1":0,"2":0,"3":0,"4":0,"5":0,"6":0},"f":{},"b":{}}
,"/usr/src/app/src/dto/optimize.dto.ts": {"path":"/usr/src/app/src/dto/optimize.dto.ts","statementMap":{"0":{"start":{"line":1,"column":0},"end":{"line":1,"column":86}},"1":{"start":{"line":2,"column":0},"end":{"line":2,"column":41}},"2":{"start":{"line":3,"column":0},"end":{"line":3,"column":46}},"3":{"start":{"line":5,"column":0},"end":{"line":5,"column":13}},"4":{"start":{"line":8,"column":4},"end":{"line":8,"column":null}},"5":{"start":{"line":12,"column":4},"end":{"line":12,"column":null}},"6":{"start":{"line":16,"column":4},"end":{"line":16,"column":null}},"7":{"start":{"line":19,"column":0},"end":{"line":19,"column":13}},"8":{"start":{"line":24,"column":4},"end":{"line":24,"column":null}},"9":{"start":{"line":23,"column":16},"end":{"line":23,"column":27}},"10":{"start":{"line":28,"column":4},"end":{"line":28,"column":null}},"11":{"start":{"line":32,"column":4},"end":{"line":32,"column":null}},"12":{"start":{"line":35,"column":0},"end":{"line":35,"column":13}},"13":{"start":{"line":40,"column":4},"end":{"line":40,"column":null}},"14":{"start":{"line":39,"column":16},"end":{"line":39,"column":31}}},"fnMap":{"0":{"name":"(anonymous_2)","decl":{"start":{"line":23,"column":10},"end":{"line":23,"column":13}},"loc":{"start":{"line":23,"column":16},"end":{"line":23,"column":27}}},"1":{"name":"(anonymous_3)","decl":{"start":{"line":39,"column":10},"end":{"line":39,"column":13}},"loc":{"start":{"line":39,"column":16},"end":{"line":39,"column":31}}}},"branchMap":{},"s":{"0":2,"1":2,"2":2,"3":2,"4":2,"5":2,"6":2,"7":2,"8":2,"9":8,"10":2,"11":2,"12":2,"13":2,"14":2},"f":{"0":8,"1":2},"b":{}}
,"/usr/src/app/src/helpers/constants/errors.ts": {"path":"/usr/src/app/src/helpers/constants/errors.ts","statementMap":{"0":{"start":{"line":1,"column":13},"end":{"line":9,"column":2}}},"fnMap":{},"branchMap":{},"s":{"0":2},"f":{},"b":{}}
,"/usr/src/app/src/repositories/user.repository.ts": {"path":"/usr/src/app/src/repositories/user.repository.ts","statementMap":{"0":{"start":{"line":1,"column":0},"end":{"line":1,"column":81}},"1":{"start":{"line":2,"column":0},"end":{"line":2,"column":47}},"2":{"start":{"line":3,"column":0},"end":{"line":3,"column":33}},"3":{"start":{"line":4,"column":0},"end":{"line":4,"column":60}},"4":{"start":{"line":5,"column":0},"end":{"line":5,"column":33}},"5":{"start":{"line":6,"column":0},"end":{"line":6,"column":55}},"6":{"start":{"line":7,"column":0},"end":{"line":7,"column":28}},"7":{"start":{"line":10,"column":27},"end":{"line":66,"column":null}},"8":{"start":{"line":11,"column":28},"end":{"line":11,"column":59}},"9":{"start":{"line":12,"column":31},"end":{"line":12,"column":35}},"10":{"start":{"line":15,"column":36},"end":{"line":15,"column":47}},"11":{"start":{"line":16,"column":45},"end":{"line":16,"column":59}},"12":{"start":{"line":20,"column":21},"end":{"line":20,"column":42}},"13":{"start":{"line":22,"column":4},"end":{"line":30,"column":5}},"14":{"start":{"line":23,"column":25},"end":{"line":23,"column":62}},"15":{"start":{"line":24,"column":6},"end":{"line":27,"column":7}},"16":{"start":{"line":25,"column":8},"end":{"line":25,"column":67}},"17":{"start":{"line":26,"column":8},"end":{"line":26,"column":58}},"18":{"start":{"line":29,"column":6},"end":{"line":29,"column":58}},"19":{"start":{"line":32,"column":17},"end":{"line":32,"column":63}},"20":{"start":{"line":33,"column":4},"end":{"line":40,"column":5}},"21":{"start":{"line":34,"column":6},"end":{"line":39,"column":7}},"22":{"start":{"line":35,"column":8},"end":{"line":35,"column":101}},"23":{"start":{"line":36,"column":8},"end":{"line":36,"column":60}},"24":{"start":{"line":38,"column":8},"end":{"line":38,"column":60}},"25":{"start":{"line":41,"column":4},"end":{"line":41,"column":16}},"26":{"start":{"line":45,"column":25},"end":{"line":45,"column":89}},"27":{"start":{"line":46,"column":4},"end":{"line":49,"column":5}},"28":{"start":{"line":47,"column":6},"end":{"line":47,"column":78}},"29":{"start":{"line":48,"column":6},"end":{"line":48,"column":64}},"30":{"start":{"line":51,"column":27},"end":{"line":51,"column":58}},"31":{"start":{"line":52,"column":17},"end":{"line":52,"column":82}},"32":{"start":{"line":53,"column":22},"end":{"line":53,"column":39}},"33":{"start":{"line":55,"column":26},"end":{"line":55,"column":47}},"34":{"start":{"line":56,"column":4},"end":{"line":61,"column":5}},"35":{"start":{"line":57,"column":6},"end":{"line":57,"column":109}},"36":{"start":{"line":58,"column":6},"end":{"line":58,"column":58}},"37":{"start":{"line":60,"column":6},"end":{"line":60,"column":58}},"38":{"start":{"line":63,"column":4},"end":{"line":63,"column":73}},"39":{"start":{"line":64,"column":4},"end":{"line":64,"column":21}},"40":{"start":{"line":10,"column":13},"end":{"line":10,"column":27}},"41":{"start":{"line":10,"column":13},"end":{"line":66,"column":null}}},"fnMap":{"0":{"name":"(anonymous_4)","decl":{"start":{"line":14,"column":2},"end":{"line":14,"column":null}},"loc":{"start":{"line":16,"column":64},"end":{"line":17,"column":7}}},"1":{"name":"(anonymous_5)","decl":{"start":{"line":19,"column":2},"end":{"line":19,"column":7}},"loc":{"start":{"line":19,"column":33},"end":{"line":42,"column":3}}},"2":{"name":"(anonymous_6)","decl":{"start":{"line":44,"column":2},"end":{"line":44,"column":7}},"loc":{"start":{"line":44,"column":68},"end":{"line":65,"column":3}}}},"branchMap":{"0":{"loc":{"start":{"line":24,"column":6},"end":{"line":27,"column":7}},"type":"if","locations":[{"start":{"line":24,"column":6},"end":{"line":27,"column":7}}]},"1":{"loc":{"start":{"line":33,"column":4},"end":{"line":40,"column":5}},"type":"if","locations":[{"start":{"line":33,"column":4},"end":{"line":40,"column":5}}]},"2":{"loc":{"start":{"line":46,"column":4},"end":{"line":49,"column":5}},"type":"if","locations":[{"start":{"line":46,"column":4},"end":{"line":49,"column":5}}]}},"s":{"0":2,"1":2,"2":2,"3":2,"4":2,"5":2,"6":2,"7":2,"8":2,"9":2,"10":2,"11":2,"12":10,"13":10,"14":10,"15":10,"16":10,"17":10,"18":0,"19":0,"20":0,"21":0,"22":0,"23":0,"24":0,"25":0,"26":9,"27":9,"28":1,"29":1,"30":8,"31":8,"32":8,"33":8,"34":8,"35":8,"36":8,"37":0,"38":8,"39":8,"40":2,"41":2},"f":{"0":2,"1":10,"2":9},"b":{"0":[10],"1":[0],"2":[1]}}
,"/usr/src/app/src/schemas/user.schema.ts": {"path":"/usr/src/app/src/schemas/user.schema.ts","statementMap":{"0":{"start":{"line":1,"column":0},"end":{"line":1,"column":63}},"1":{"start":{"line":7,"column":7},"end":{"line":23,"column":null}},"2":{"start":{"line":7,"column":13},"end":{"line":7,"column":17}},"3":{"start":{"line":12,"column":4},"end":{"line":12,"column":null}},"4":{"start":{"line":17,"column":4},"end":{"line":17,"column":null}},"5":{"start":{"line":22,"column":4},"end":{"line":22,"column":null}},"6":{"start":{"line":7,"column":13},"end":{"line":23,"column":null}},"7":{"start":{"line":24,"column":13},"end":{"line":24,"column":61}}},"fnMap":{},"branchMap":{},"s":{"0":2,"1":2,"2":2,"3":2,"4":2,"5":2,"6":2,"7":2},"f":{},"b":{}}
,"/usr/src/app/src/services/auth.service.ts": {"path":"/usr/src/app/src/services/auth.service.ts","statementMap":{"0":{"start":{"line":1,"column":0},"end":{"line":1,"column":75}},"1":{"start":{"line":2,"column":0},"end":{"line":2,"column":41}},"2":{"start":{"line":3,"column":0},"end":{"line":3,"column":65}},"3":{"start":{"line":4,"column":0},"end":{"line":4,"column":33}},"4":{"start":{"line":5,"column":0},"end":{"line":5,"column":55}},"5":{"start":{"line":7,"column":24},"end":{"line":34,"column":null}},"6":{"start":{"line":8,"column":30},"end":{"line":8,"column":58}},"7":{"start":{"line":10,"column":25},"end":{"line":10,"column":37}},"8":{"start":{"line":11,"column":25},"end":{"line":11,"column":41}},"9":{"start":{"line":15,"column":21},"end":{"line":15,"column":84}},"10":{"start":{"line":16,"column":8},"end":{"line":16,"column":null}},"11":{"start":{"line":17,"column":8},"end":{"line":17,"column":null}},"12":{"start":{"line":21,"column":21},"end":{"line":21,"column":65}},"13":{"start":{"line":22,"column":8},"end":{"line":24,"column":9}},"14":{"start":{"line":23,"column":12},"end":{"line":23,"column":80}},"15":{"start":{"line":25,"column":24},"end":{"line":25,"column":69}},"16":{"start":{"line":26,"column":8},"end":{"line":29,"column":9}},"17":{"start":{"line":27,"column":12},"end":{"line":27,"column":null}},"18":{"start":{"line":28,"column":12},"end":{"line":28,"column":null}},"19":{"start":{"line":30,"column":24},"end":{"line":30,"column":60}},"20":{"start":{"line":31,"column":22},"end":{"line":31,"column":62}},"21":{"start":{"line":32,"column":8},"end":{"line":32,"column":null}},"22":{"start":{"line":7,"column":13},"end":{"line":7,"column":24}},"23":{"start":{"line":7,"column":13},"end":{"line":34,"column":null}}},"fnMap":{"0":{"name":"(anonymous_2)","decl":{"start":{"line":9,"column":4},"end":{"line":9,"column":null}},"loc":{"start":{"line":11,"column":55},"end":{"line":12,"column":9}}},"1":{"name":"(anonymous_3)","decl":{"start":{"line":14,"column":4},"end":{"line":14,"column":9}},"loc":{"start":{"line":14,"column":66},"end":{"line":18,"column":5}}},"2":{"name":"(anonymous_4)","decl":{"start":{"line":20,"column":4},"end":{"line":20,"column":9}},"loc":{"start":{"line":20,"column":48},"end":{"line":33,"column":5}}}},"branchMap":{"0":{"loc":{"start":{"line":22,"column":8},"end":{"line":24,"column":9}},"type":"if","locations":[{"start":{"line":22,"column":8},"end":{"line":24,"column":9}}]},"1":{"loc":{"start":{"line":26,"column":8},"end":{"line":29,"column":9}},"type":"if","locations":[{"start":{"line":26,"column":8},"end":{"line":29,"column":9}}]}},"s":{"0":2,"1":2,"2":2,"3":2,"4":2,"5":2,"6":2,"7":2,"8":2,"9":9,"10":8,"11":8,"12":7,"13":7,"14":0,"15":7,"16":7,"17":1,"18":1,"19":6,"20":6,"21":6,"22":2,"23":2},"f":{"0":2,"1":9,"2":7},"b":{"0":[0],"1":[1]}}
,"/usr/src/app/src/strategy/jwt.strategy.ts": {"path":"/usr/src/app/src/strategy/jwt.strategy.ts","statementMap":{"0":{"start":{"line":1,"column":0},"end":{"line":1,"column":44}},"1":{"start":{"line":2,"column":0},"end":{"line":2,"column":52}},"2":{"start":{"line":3,"column":0},"end":{"line":3,"column":52}},"3":{"start":{"line":4,"column":0},"end":{"line":4,"column":47}},"4":{"start":{"line":6,"column":0},"end":{"line":6,"column":65}},"5":{"start":{"line":10,"column":7},"end":{"line":32,"column":null}},"6":{"start":{"line":15,"column":26},"end":{"line":15,"column":65}},"7":{"start":{"line":16,"column":8},"end":{"line":18,"column":9}},"8":{"start":{"line":17,"column":12},"end":{"line":17,"column":null}},"9":{"start":{"line":19,"column":8},"end":{"line":22,"column":11}},"10":{"start":{"line":13,"column":25},"end":{"line":13,"column":41}},"11":{"start":{"line":26,"column":21},"end":{"line":26,"column":73}},"12":{"start":{"line":27,"column":8},"end":{"line":29,"column":9}},"13":{"start":{"line":28,"column":12},"end":{"line":28,"column":24}},"14":{"start":{"line":30,"column":8},"end":{"line":30,"column":58}},"15":{"start":{"line":10,"column":13},"end":{"line":10,"column":24}},"16":{"start":{"line":10,"column":13},"end":{"line":32,"column":null}}},"fnMap":{"0":{"name":"(anonymous_2)","decl":{"start":{"line":11,"column":4},"end":{"line":11,"column":null}},"loc":{"start":{"line":13,"column":55},"end":{"line":23,"column":5}}},"1":{"name":"(anonymous_3)","decl":{"start":{"line":25,"column":4},"end":{"line":25,"column":9}},"loc":{"start":{"line":25,"column":45},"end":{"line":31,"column":5}}}},"branchMap":{"0":{"loc":{"start":{"line":16,"column":8},"end":{"line":18,"column":9}},"type":"if","locations":[{"start":{"line":16,"column":8},"end":{"line":18,"column":9}}]},"1":{"loc":{"start":{"line":27,"column":8},"end":{"line":29,"column":9}},"type":"if","locations":[{"start":{"line":27,"column":8},"end":{"line":29,"column":9}}]}},"s":{"0":2,"1":2,"2":2,"3":2,"4":2,"5":2,"6":2,"7":2,"8":0,"9":2,"10":2,"11":3,"12":3,"13":0,"14":3,"15":2,"16":2},"f":{"0":2,"1":3},"b":{"0":[0],"1":[0]}}
}
