{"/usr/src/app/src/auth.controller.ts": {"path":"/usr/src/app/src/auth.controller.ts","statementMap":{"0":{"start":{"line":1,"column":0},"end":{"line":1,"column":66}},"1":{"start":{"line":2,"column":0},"end":{"line":2,"column":54}},"2":{"start":{"line":3,"column":0},"end":{"line":3,"column":54}},"3":{"start":{"line":4,"column":0},"end":{"line":4,"column":83}},"4":{"start":{"line":6,"column":7},"end":{"line":30,"column":null}},"5":{"start":{"line":7,"column":33},"end":{"line":7,"column":46}},"6":{"start":{"line":17,"column":8},"end":{"line":17,"column":78}},"7":{"start":{"line":28,"column":8},"end":{"line":28,"column":64}},"8":{"start":{"line":6,"column":13},"end":{"line":6,"column":27}},"9":{"start":{"line":16,"column":10},"end":{"line":18,"column":null}},"10":{"start":{"line":27,"column":10},"end":{"line":29,"column":null}},"11":{"start":{"line":6,"column":13},"end":{"line":30,"column":null}}},"fnMap":{"0":{"name":"(anonymous_4)","decl":{"start":{"line":7,"column":4},"end":{"line":7,"column":33}},"loc":{"start":{"line":7,"column":57},"end":{"line":7,"column":62}}},"1":{"name":"(anonymous_5)","decl":{"start":{"line":16,"column":4},"end":{"line":16,"column":9}},"loc":{"start":{"line":16,"column":39},"end":{"line":18,"column":5}}},"2":{"name":"(anonymous_6)","decl":{"start":{"line":27,"column":4},"end":{"line":27,"column":9}},"loc":{"start":{"line":27,"column":39},"end":{"line":29,"column":5}}}},"branchMap":{},"s":{"0":2,"1":2,"2":2,"3":2,"4":2,"5":2,"6":13,"7":10,"8":2,"9":2,"10":2,"11":2},"f":{"0":2,"1":13,"2":10},"b":{}}
,"/usr/src/app/src/graph.controller.ts": {"path":"/usr/src/app/src/graph.controller.ts","statementMap":{"0":{"start":{"line":1,"column":0},"end":{"line":1,"column":85}},"1":{"start":{"line":2,"column":0},"end":{"line":2,"column":47}},"2":{"start":{"line":3,"column":0},"end":{"line":3,"column":71}},"3":{"start":{"line":4,"column":0},"end":{"line":4,"column":93}},"4":{"start":{"line":5,"column":0},"end":{"line":5,"column":83}},"5":{"start":{"line":6,"column":0},"end":{"line":6,"column":45}},"6":{"start":{"line":7,"column":0},"end":{"line":7,"column":74}},"7":{"start":{"line":8,"column":0},"end":{"line":8,"column":54}},"8":{"start":{"line":11,"column":28},"end":{"line":52,"column":null}},"9":{"start":{"line":13,"column":31},"end":{"line":13,"column":45}},"10":{"start":{"line":12,"column":19},"end":{"line":12,"column":null}},"11":{"start":{"line":30,"column":4},"end":{"line":30,"column":null}},"12":{"start":{"line":31,"column":4},"end":{"line":31,"column":101}},"13":{"start":{"line":48,"column":4},"end":{"line":48,"column":null}},"14":{"start":{"line":49,"column":4},"end":{"line":49,"column":101}},"15":{"start":{"line":11,"column":13},"end":{"line":11,"column":28}},"16":{"start":{"line":26,"column":8},"end":{"line":32,"column":null}},"17":{"start":{"line":44,"column":8},"end":{"line":51,"column":null}},"18":{"start":{"line":11,"column":13},"end":{"line":52,"column":null}}},"fnMap":{"0":{"name":"(anonymous_4)","decl":{"start":{"line":13,"column":2},"end":{"line":13,"column":31}},"loc":{"start":{"line":13,"column":57},"end":{"line":13,"column":62}}},"1":{"name":"(anonymous_5)","decl":{"start":{"line":26,"column":2},"end":{"line":26,"column":7}},"loc":{"start":{"line":28,"column":42},"end":{"line":32,"column":3}}},"2":{"name":"(anonymous_6)","decl":{"start":{"line":44,"column":2},"end":{"line":44,"column":7}},"loc":{"start":{"line":46,"column":42},"end":{"line":51,"column":3}}}},"branchMap":{},"s":{"0":2,"1":2,"2":2,"3":2,"4":2,"5":2,"6":2,"7":2,"8":2,"9":2,"10":2,"11":2,"12":2,"13":2,"14":2,"15":2,"16":2,"17":2,"18":2},"f":{"0":2,"1":2,"2":2},"b":{}}
,"/usr/src/app/src/graph.service.ts": {"path":"/usr/src/app/src/graph.service.ts","statementMap":{"0":{"start":{"line":1,"column":0},"end":{"line":1,"column":44}},"1":{"start":{"line":3,"column":0},"end":{"line":3,"column":93}},"2":{"start":{"line":6,"column":7},"end":{"line":155,"column":null}},"3":{"start":{"line":8,"column":14},"end":{"line":8,"column":18}},"4":{"start":{"line":9,"column":17},"end":{"line":9,"column":46}},"5":{"start":{"line":10,"column":17},"end":{"line":10,"column":46}},"6":{"start":{"line":11,"column":14},"end":{"line":13,"column":29}},"7":{"start":{"line":14,"column":21},"end":{"line":14,"column":71}},"8":{"start":{"line":15,"column":4},"end":{"line":15,"column":null}},"9":{"start":{"line":19,"column":18},"end":{"line":19,"column":56}},"10":{"start":{"line":20,"column":4},"end":{"line":28,"column":7}},"11":{"start":{"line":21,"column":24},"end":{"line":21,"column":49}},"12":{"start":{"line":22,"column":6},"end":{"line":26,"column":9}},"13":{"start":{"line":23,"column":8},"end":{"line":25,"column":9}},"14":{"start":{"line":24,"column":10},"end":{"line":24,"column":76}},"15":{"start":{"line":27,"column":6},"end":{"line":27,"column":31}},"16":{"start":{"line":29,"column":4},"end":{"line":29,"column":17}},"17":{"start":{"line":37,"column":22},"end":{"line":38,"column":null}},"18":{"start":{"line":38,"column":40},"end":{"line":38,"column":71}},"19":{"start":{"line":40,"column":21},"end":{"line":40,"column":53}},"20":{"start":{"line":41,"column":35},"end":{"line":41,"column":47}},"21":{"start":{"line":42,"column":20},"end":{"line":42,"column":37}},"22":{"start":{"line":44,"column":4},"end":{"line":58,"column":5}},"23":{"start":{"line":45,"column":6},"end":{"line":45,"column":37}},"24":{"start":{"line":45,"column":24},"end":{"line":45,"column":35}},"25":{"start":{"line":46,"column":24},"end":{"line":46,"column":35}},"26":{"start":{"line":47,"column":6},"end":{"line":47,"column":38}},"27":{"start":{"line":47,"column":29},"end":{"line":47,"column":38}},"28":{"start":{"line":48,"column":6},"end":{"line":48,"column":24}},"29":{"start":{"line":50,"column":6},"end":{"line":57,"column":7}},"30":{"start":{"line":51,"column":20},"end":{"line":51,"column":30}},"31":{"start":{"line":52,"column":8},"end":{"line":56,"column":9}},"32":{"start":{"line":53,"column":10},"end":{"line":53,"column":33}},"33":{"start":{"line":54,"column":10},"end":{"line":54,"column":33}},"34":{"start":{"line":55,"column":10},"end":{"line":55,"column":29}},"35":{"start":{"line":60,"column":27},"end":{"line":60,"column":29}},"36":{"start":{"line":61,"column":30},"end":{"line":61,"column":33}},"37":{"start":{"line":62,"column":4},"end":{"line":65,"column":5}},"38":{"start":{"line":63,"column":6},"end":{"line":63,"column":25}},"39":{"start":{"line":64,"column":6},"end":{"line":64,"column":40}},"40":{"start":{"line":66,"column":4},"end":{"line":66,"column":62}},"41":{"start":{"line":76,"column":33},"end":{"line":76,"column":37}},"42":{"start":{"line":77,"column":18},"end":{"line":77,"column":26}},"43":{"start":{"line":79,"column":4},"end":{"line":87,"column":5}},"44":{"start":{"line":80,"column":6},"end":{"line":86,"column":7}},"45":{"start":{"line":81,"column":29},"end":{"line":81,"column":64}},"46":{"start":{"line":82,"column":8},"end":{"line":85,"column":9}},"47":{"start":{"line":83,"column":10},"end":{"line":83,"column":29}},"48":{"start":{"line":84,"column":10},"end":{"line":84,"column":25}},"49":{"start":{"line":89,"column":4},"end":{"line":89,"column":65}},"50":{"start":{"line":93,"column":36},"end":{"line":93,"column":39}},"51":{"start":{"line":94,"column":19},"end":{"line":94,"column":84}},"52":{"start":{"line":94,"column":46},"end":{"line":94,"column":82}},"53":{"start":{"line":95,"column":18},"end":{"line":95,"column":41}},"54":{"start":{"line":97,"column":20},"end":{"line":97,"column":35}},"55":{"start":{"line":98,"column":17},"end":{"line":98,"column":23}},"56":{"start":{"line":99,"column":24},"end":{"line":99,"column":25}},"57":{"start":{"line":100,"column":18},"end":{"line":100,"column":22}},"58":{"start":{"line":102,"column":4},"end":{"line":112,"column":5}},"59":{"start":{"line":103,"column":22},"end":{"line":103,"column":84}},"60":{"start":{"line":104,"column":6},"end":{"line":104,"column":26}},"61":{"start":{"line":104,"column":20},"end":{"line":104,"column":26}},"62":{"start":{"line":106,"column":42},"end":{"line":106,"column":85}},"63":{"start":{"line":107,"column":6},"end":{"line":107,"column":32}},"64":{"start":{"line":108,"column":6},"end":{"line":108,"column":37}},"65":{"start":{"line":110,"column":6},"end":{"line":110,"column":32}},"66":{"start":{"line":111,"column":6},"end":{"line":111,"column":29}},"67":{"start":{"line":114,"column":4},"end":{"line":118,"column":5}},"68":{"start":{"line":115,"column":44},"end":{"line":115,"column":77}},"69":{"start":{"line":116,"column":6},"end":{"line":116,"column":32}},"70":{"start":{"line":117,"column":6},"end":{"line":117,"column":39}},"71":{"start":{"line":120,"column":4},"end":{"line":120,"column":45}},"72":{"start":{"line":124,"column":4},"end":{"line":124,"column":35}},"73":{"start":{"line":125,"column":19},"end":{"line":125,"column":37}},"74":{"start":{"line":126,"column":4},"end":{"line":126,"column":38}},"75":{"start":{"line":128,"column":24},"end":{"line":128,"column":76}},"76":{"start":{"line":129,"column":4},"end":{"line":129,"column":23}},"77":{"start":{"line":134,"column":4},"end":{"line":134,"column":41}},"78":{"start":{"line":137,"column":4},"end":{"line":137,"column":45}},"79":{"start":{"line":138,"column":30},"end":{"line":139,"column":null}},"80":{"start":{"line":139,"column":30},"end":{"line":139,"column":54}},"81":{"start":{"line":141,"column":4},"end":{"line":141,"column":48}},"82":{"start":{"line":144,"column":4},"end":{"line":144,"column":null}},"83":{"start":{"line":145,"column":57},"end":{"line":145,"column":59}},"84":{"start":{"line":146,"column":4},"end":{"line":148,"column":5}},"85":{"start":{"line":147,"column":6},"end":{"line":147,"column":61}},"86":{"start":{"line":149,"column":4},"end":{"line":149,"column":39}},"87":{"start":{"line":150,"column":21},"end":{"line":150,"column":51}},"88":{"start":{"line":151,"column":4},"end":{"line":151,"column":51}},"89":{"start":{"line":152,"column":4},"end":{"line":152,"column":51}},"90":{"start":{"line":153,"column":4},"end":{"line":153,"column":20}},"91":{"start":{"line":6,"column":13},"end":{"line":6,"column":25}},"92":{"start":{"line":6,"column":13},"end":{"line":155,"column":null}}},"fnMap":{"0":{"name":"(anonymous_1)","decl":{"start":{"line":7,"column":10},"end":{"line":7,"column":19}},"loc":{"start":{"line":7,"column":74},"end":{"line":16,"column":3}}},"1":{"name":"(anonymous_2)","decl":{"start":{"line":18,"column":10},"end":{"line":18,"column":20}},"loc":{"start":{"line":18,"column":70},"end":{"line":30,"column":3}}},"2":{"name":"(anonymous_3)","decl":{"start":{"line":20,"column":19},"end":{"line":20,"column":20}},"loc":{"start":{"line":20,"column":30},"end":{"line":28,"column":5}}},"3":{"name":"(anonymous_4)","decl":{"start":{"line":22,"column":21},"end":{"line":22,"column":22}},"loc":{"start":{"line":22,"column":32},"end":{"line":26,"column":7}}},"4":{"name":"(anonymous_5)","decl":{"start":{"line":32,"column":10},"end":{"line":32,"column":18}},"loc":{"start":{"line":35,"column":15},"end":{"line":67,"column":3}}},"5":{"name":"(anonymous_6)","decl":{"start":{"line":38,"column":35},"end":{"line":38,"column":36}},"loc":{"start":{"line":38,"column":40},"end":{"line":38,"column":71}}},"6":{"name":"(anonymous_7)","decl":{"start":{"line":45,"column":14},"end":{"line":45,"column":15}},"loc":{"start":{"line":45,"column":24},"end":{"line":45,"column":35}}},"7":{"name":"(anonymous_8)","decl":{"start":{"line":69,"column":10},"end":{"line":69,"column":30}},"loc":{"start":{"line":74,"column":24},"end":{"line":90,"column":3}}},"8":{"name":"(anonymous_9)","decl":{"start":{"line":92,"column":10},"end":{"line":92,"column":18}},"loc":{"start":{"line":92,"column":39},"end":{"line":121,"column":3}}},"9":{"name":"(anonymous_10)","decl":{"start":{"line":94,"column":41},"end":{"line":94,"column":42}},"loc":{"start":{"line":94,"column":46},"end":{"line":94,"column":82}}},"10":{"name":"(anonymous_11)","decl":{"start":{"line":123,"column":2},"end":{"line":123,"column":7}},"loc":{"start":{"line":123,"column":43},"end":{"line":131,"column":3}}},"11":{"name":"(anonymous_12)","decl":{"start":{"line":133,"column":2},"end":{"line":133,"column":7}},"loc":{"start":{"line":133,"column":43},"end":{"line":154,"column":3}}},"12":{"name":"(anonymous_13)","decl":{"start":{"line":139,"column":23},"end":{"line":139,"column":26}},"loc":{"start":{"line":139,"column":30},"end":{"line":139,"column":54}}}},"branchMap":{"0":{"loc":{"start":{"line":23,"column":8},"end":{"line":25,"column":9}},"type":"if","locations":[{"start":{"line":23,"column":8},"end":{"line":25,"column":9}}]},"1":{"loc":{"start":{"line":38,"column":44},"end":{"line":38,"column":70}},"type":"cond-expr","locations":[{"start":{"line":38,"column":58},"end":{"line":38,"column":59}},{"start":{"line":38,"column":62},"end":{"line":38,"column":70}}]},"2":{"loc":{"start":{"line":47,"column":6},"end":{"line":47,"column":38}},"type":"if","locations":[{"start":{"line":47,"column":6},"end":{"line":47,"column":38}}]},"3":{"loc":{"start":{"line":50,"column":33},"end":{"line":50,"column":54}},"type":"binary-expr","locations":[{"start":{"line":50,"column":33},"end":{"line":50,"column":48}},{"start":{"line":50,"column":52},"end":{"line":50,"column":54}}]},"4":{"loc":{"start":{"line":52,"column":8},"end":{"line":56,"column":9}},"type":"if","locations":[{"start":{"line":52,"column":8},"end":{"line":56,"column":9}}]},"5":{"loc":{"start":{"line":52,"column":19},"end":{"line":52,"column":48}},"type":"binary-expr","locations":[{"start":{"line":52,"column":19},"end":{"line":52,"column":36}},{"start":{"line":52,"column":40},"end":{"line":52,"column":48}}]},"6":{"loc":{"start":{"line":64,"column":13},"end":{"line":64,"column":39}},"type":"binary-expr","locations":[{"start":{"line":64,"column":13},"end":{"line":64,"column":31}},{"start":{"line":64,"column":35},"end":{"line":64,"column":39}}]},"7":{"loc":{"start":{"line":66,"column":29},"end":{"line":66,"column":59}},"type":"binary-expr","locations":[{"start":{"line":66,"column":29},"end":{"line":66,"column":47}},{"start":{"line":66,"column":51},"end":{"line":66,"column":59}}]},"8":{"loc":{"start":{"line":80,"column":6},"end":{"line":86,"column":7}},"type":"if","locations":[{"start":{"line":80,"column":6},"end":{"line":86,"column":7}}]},"9":{"loc":{"start":{"line":80,"column":10},"end":{"line":80,"column":43}},"type":"binary-expr","locations":[{"start":{"line":80,"column":10},"end":{"line":80,"column":28}},{"start":{"line":80,"column":32},"end":{"line":80,"column":43}}]},"10":{"loc":{"start":{"line":82,"column":8},"end":{"line":85,"column":9}},"type":"if","locations":[{"start":{"line":82,"column":8},"end":{"line":85,"column":9}}]},"11":{"loc":{"start":{"line":89,"column":11},"end":{"line":89,"column":64}},"type":"cond-expr","locations":[{"start":{"line":89,"column":21},"end":{"line":89,"column":57}},{"start":{"line":89,"column":60},"end":{"line":89,"column":64}}]},"12":{"loc":{"start":{"line":104,"column":6},"end":{"line":104,"column":26}},"type":"if","locations":[{"start":{"line":104,"column":6},"end":{"line":104,"column":26}}]},"13":{"loc":{"start":{"line":114,"column":4},"end":{"line":118,"column":5}},"type":"if","locations":[{"start":{"line":114,"column":4},"end":{"line":118,"column":5}}]}},"s":{"0":2,"1":2,"2":2,"3":60,"4":60,"5":60,"6":60,"7":60,"8":60,"9":10,"10":10,"11":30,"12":30,"13":90,"14":60,"15":30,"16":10,"17":30,"18":90,"19":30,"20":30,"21":30,"22":30,"23":90,"24":30,"25":90,"26":90,"27":0,"28":90,"29":90,"30":180,"31":180,"32":60,"33":60,"34":60,"35":30,"36":30,"37":30,"38":60,"39":60,"40":30,"41":10,"42":10,"43":10,"44":30,"45":10,"46":10,"47":10,"48":10,"49":10,"50":10,"51":10,"52":30,"53":10,"54":10,"55":10,"56":10,"57":10,"58":10,"59":10,"60":10,"61":0,"62":10,"63":10,"64":10,"65":10,"66":10,"67":10,"68":10,"69":10,"70":10,"71":10,"72":10,"73":10,"74":10,"75":10,"76":10,"77":2,"78":2,"79":2,"80":4,"81":2,"82":2,"83":2,"84":2,"85":4,"86":2,"87":2,"88":2,"89":2,"90":2,"91":2,"92":2},"f":{"0":60,"1":10,"2":30,"3":90,"4":30,"5":90,"6":30,"7":10,"8":10,"9":30,"10":10,"11":2,"12":4},"b":{"0":[60],"1":[30,60],"2":[0],"3":[90,0],"4":[60],"5":[180,0],"6":[60,30],"7":[30,0],"8":[10],"9":[30,20],"10":[10],"11":[10,0],"12":[0],"13":[10]}}
,"/usr/src/app/src/auth/jwt.schema.ts": {"path":"/usr/src/app/src/auth/jwt.schema.ts","statementMap":{"0":{"start":{"line":3,"column":0},"end":{"line":3,"column":13}}},"fnMap":{},"branchMap":{},"s":{"0":2},"f":{},"b":{}}
,"/usr/src/app/src/common/decorators/current-user.decorators.ts": {"path":"/usr/src/app/src/common/decorators/current-user.decorators.ts","statementMap":{"0":{"start":{"line":1,"column":0},"end":{"line":1,"column":72}},"1":{"start":{"line":3,"column":13},"end":{"line":8,"column":2}},"2":{"start":{"line":5,"column":24},"end":{"line":5,"column":55}},"3":{"start":{"line":6,"column":8},"end":{"line":6,"column":28}}},"fnMap":{"0":{"name":"(anonymous_0)","decl":{"start":{"line":4,"column":4},"end":{"line":4,"column":5}},"loc":{"start":{"line":4,"column":46},"end":{"line":7,"column":5}}}},"branchMap":{},"s":{"0":2,"1":2,"2":4,"3":4},"f":{"0":4},"b":{}}
,"/usr/src/app/src/dto/auth.dto.ts": {"path":"/usr/src/app/src/dto/auth.dto.ts","statementMap":{"0":{"start":{"line":1,"column":0},"end":{"line":1,"column":63}},"1":{"start":{"line":2,"column":0},"end":{"line":2,"column":46}},"2":{"start":{"line":4,"column":0},"end":{"line":4,"column":13}},"3":{"start":{"line":7,"column":4},"end":{"line":7,"column":null}},"4":{"start":{"line":11,"column":4},"end":{"line":11,"column":null}},"5":{"start":{"line":16,"column":4},"end":{"line":16,"column":null}},"6":{"start":{"line":19,"column":0},"end":{"line":19,"column":13}},"7":{"start":{"line":22,"column":4},"end":{"line":22,"column":null}},"8":{"start":{"line":26,"column":4},"end":{"line":26,"column":null}}},"fnMap":{},"branchMap":{},"s":{"0":2,"1":2,"2":2,"3":2,"4":2,"5":2,"6":2,"7":2,"8":2},"f":{},"b":{}}
,"/usr/src/app/src/dto/graph-response.dto.ts": {"path":"/usr/src/app/src/dto/graph-response.dto.ts","statementMap":{"0":{"start":{"line":1,"column":0},"end":{"line":1,"column":46}},"1":{"start":{"line":2,"column":0},"end":{"line":2,"column":52}},"2":{"start":{"line":4,"column":0},"end":{"line":4,"column":13}},"3":{"start":{"line":7,"column":2},"end":{"line":7,"column":null}},"4":{"start":{"line":11,"column":2},"end":{"line":11,"column":null}},"5":{"start":{"line":14,"column":0},"end":{"line":14,"column":13}},"6":{"start":{"line":16,"column":2},"end":{"line":16,"column":null}},"7":{"start":{"line":19,"column":2},"end":{"line":19,"column":null}}},"fnMap":{},"branchMap":{},"s":{"0":2,"1":2,"2":2,"3":2,"4":2,"5":2,"6":2,"7":2},"f":{},"b":{}}
,"/usr/src/app/src/dto/optimize.dto.ts": {"path":"/usr/src/app/src/dto/optimize.dto.ts","statementMap":{"0":{"start":{"line":1,"column":0},"end":{"line":1,"column":86}},"1":{"start":{"line":2,"column":0},"end":{"line":2,"column":41}},"2":{"start":{"line":3,"column":0},"end":{"line":3,"column":46}},"3":{"start":{"line":5,"column":0},"end":{"line":5,"column":13}},"4":{"start":{"line":8,"column":4},"end":{"line":8,"column":null}},"5":{"start":{"line":12,"column":4},"end":{"line":12,"column":null}},"6":{"start":{"line":16,"column":4},"end":{"line":16,"column":null}},"7":{"start":{"line":19,"column":0},"end":{"line":19,"column":13}},"8":{"start":{"line":24,"column":4},"end":{"line":24,"column":null}},"9":{"start":{"line":23,"column":16},"end":{"line":23,"column":27}},"10":{"start":{"line":28,"column":4},"end":{"line":28,"column":null}},"11":{"start":{"line":32,"column":4},"end":{"line":32,"column":null}},"12":{"start":{"line":35,"column":0},"end":{"line":35,"column":13}},"13":{"start":{"line":40,"column":4},"end":{"line":40,"column":null}},"14":{"start":{"line":39,"column":16},"end":{"line":39,"column":31}}},"fnMap":{"0":{"name":"(anonymous_2)","decl":{"start":{"line":23,"column":10},"end":{"line":23,"column":13}},"loc":{"start":{"line":23,"column":16},"end":{"line":23,"column":27}}},"1":{"name":"(anonymous_3)","decl":{"start":{"line":39,"column":10},"end":{"line":39,"column":13}},"loc":{"start":{"line":39,"column":16},"end":{"line":39,"column":31}}}},"branchMap":{},"s":{"0":2,"1":2,"2":2,"3":2,"4":2,"5":2,"6":2,"7":2,"8":2,"9":12,"10":2,"11":2,"12":2,"13":2,"14":4},"f":{"0":12,"1":4},"b":{}}
,"/usr/src/app/src/helpers/constants/errors.ts": {"path":"/usr/src/app/src/helpers/constants/errors.ts","statementMap":{"0":{"start":{"line":1,"column":13},"end":{"line":9,"column":2}}},"fnMap":{},"branchMap":{},"s":{"0":2},"f":{},"b":{}}
,"/usr/src/app/src/repositories/user.repository.ts": {"path":"/usr/src/app/src/repositories/user.repository.ts","statementMap":{"0":{"start":{"line":1,"column":0},"end":{"line":1,"column":74}},"1":{"start":{"line":2,"column":0},"end":{"line":2,"column":47}},"2":{"start":{"line":3,"column":0},"end":{"line":3,"column":33}},"3":{"start":{"line":4,"column":0},"end":{"line":4,"column":60}},"4":{"start":{"line":5,"column":0},"end":{"line":5,"column":55}},"5":{"start":{"line":6,"column":0},"end":{"line":6,"column":63}},"6":{"start":{"line":7,"column":0},"end":{"line":7,"column":61}},"7":{"start":{"line":9,"column":27},"end":{"line":54,"column":null}},"8":{"start":{"line":14,"column":45},"end":{"line":14,"column":56}},"9":{"start":{"line":15,"column":21},"end":{"line":15,"column":38}},"10":{"start":{"line":16,"column":21},"end":{"line":16,"column":35}},"11":{"start":{"line":10,"column":19},"end":{"line":10,"column":60}},"12":{"start":{"line":11,"column":19},"end":{"line":11,"column":36}},"13":{"start":{"line":20,"column":21},"end":{"line":20,"column":42}},"14":{"start":{"line":21,"column":23},"end":{"line":21,"column":60}},"15":{"start":{"line":23,"column":4},"end":{"line":26,"column":5}},"16":{"start":{"line":24,"column":6},"end":{"line":24,"column":65}},"17":{"start":{"line":25,"column":6},"end":{"line":25,"column":56}},"18":{"start":{"line":28,"column":17},"end":{"line":28,"column":63}},"19":{"start":{"line":29,"column":4},"end":{"line":32,"column":5}},"20":{"start":{"line":30,"column":6},"end":{"line":30,"column":93}},"21":{"start":{"line":31,"column":6},"end":{"line":31,"column":58}},"22":{"start":{"line":33,"column":4},"end":{"line":33,"column":16}},"23":{"start":{"line":37,"column":25},"end":{"line":37,"column":96}},"24":{"start":{"line":38,"column":4},"end":{"line":41,"column":5}},"25":{"start":{"line":39,"column":6},"end":{"line":39,"column":78}},"26":{"start":{"line":40,"column":6},"end":{"line":40,"column":64}},"27":{"start":{"line":43,"column":27},"end":{"line":43,"column":68}},"28":{"start":{"line":44,"column":17},"end":{"line":44,"column":82}},"29":{"start":{"line":45,"column":22},"end":{"line":45,"column":39}},"30":{"start":{"line":47,"column":26},"end":{"line":47,"column":47}},"31":{"start":{"line":48,"column":4},"end":{"line":48,"column":101}},"32":{"start":{"line":49,"column":4},"end":{"line":49,"column":56}},"33":{"start":{"line":51,"column":4},"end":{"line":51,"column":73}},"34":{"start":{"line":52,"column":4},"end":{"line":52,"column":21}},"35":{"start":{"line":9,"column":13},"end":{"line":9,"column":27}},"36":{"start":{"line":9,"column":13},"end":{"line":54,"column":null}}},"fnMap":{"0":{"name":"(anonymous_4)","decl":{"start":{"line":13,"column":2},"end":{"line":13,"column":null}},"loc":{"start":{"line":16,"column":51},"end":{"line":17,"column":7}}},"1":{"name":"(anonymous_5)","decl":{"start":{"line":19,"column":2},"end":{"line":19,"column":7}},"loc":{"start":{"line":19,"column":33},"end":{"line":34,"column":3}}},"2":{"name":"(anonymous_6)","decl":{"start":{"line":36,"column":2},"end":{"line":36,"column":7}},"loc":{"start":{"line":36,"column":68},"end":{"line":53,"column":3}}}},"branchMap":{"0":{"loc":{"start":{"line":23,"column":4},"end":{"line":26,"column":5}},"type":"if","locations":[{"start":{"line":23,"column":4},"end":{"line":26,"column":5}}]},"1":{"loc":{"start":{"line":29,"column":4},"end":{"line":32,"column":5}},"type":"if","locations":[{"start":{"line":29,"column":4},"end":{"line":32,"column":5}}]},"2":{"loc":{"start":{"line":38,"column":4},"end":{"line":41,"column":5}},"type":"if","locations":[{"start":{"line":38,"column":4},"end":{"line":41,"column":5}}]}},"s":{"0":2,"1":2,"2":2,"3":2,"4":2,"5":2,"6":2,"7":2,"8":2,"9":2,"10":2,"11":2,"12":2,"13":14,"14":14,"15":14,"16":12,"17":12,"18":2,"19":2,"20":1,"21":1,"22":2,"23":13,"24":13,"25":1,"26":1,"27":12,"28":12,"29":12,"30":12,"31":12,"32":12,"33":12,"34":12,"35":2,"36":2},"f":{"0":2,"1":14,"2":13},"b":{"0":[12],"1":[1],"2":[1]}}
,"/usr/src/app/src/schemas/user.schema.ts": {"path":"/usr/src/app/src/schemas/user.schema.ts","statementMap":{"0":{"start":{"line":1,"column":0},"end":{"line":1,"column":63}},"1":{"start":{"line":7,"column":7},"end":{"line":23,"column":null}},"2":{"start":{"line":7,"column":13},"end":{"line":7,"column":17}},"3":{"start":{"line":12,"column":4},"end":{"line":12,"column":null}},"4":{"start":{"line":17,"column":4},"end":{"line":17,"column":null}},"5":{"start":{"line":22,"column":4},"end":{"line":22,"column":null}},"6":{"start":{"line":7,"column":13},"end":{"line":23,"column":null}},"7":{"start":{"line":24,"column":13},"end":{"line":24,"column":61}}},"fnMap":{},"branchMap":{},"s":{"0":2,"1":2,"2":2,"3":2,"4":2,"5":2,"6":2,"7":2},"f":{},"b":{}}
,"/usr/src/app/src/services/auth.service.ts": {"path":"/usr/src/app/src/services/auth.service.ts","statementMap":{"0":{"start":{"line":1,"column":0},"end":{"line":1,"column":75}},"1":{"start":{"line":2,"column":0},"end":{"line":2,"column":41}},"2":{"start":{"line":3,"column":0},"end":{"line":3,"column":65}},"3":{"start":{"line":4,"column":0},"end":{"line":4,"column":55}},"4":{"start":{"line":5,"column":0},"end":{"line":5,"column":53}},"5":{"start":{"line":7,"column":24},"end":{"line":36,"column":null}},"6":{"start":{"line":10,"column":25},"end":{"line":10,"column":37}},"7":{"start":{"line":11,"column":25},"end":{"line":11,"column":41}},"8":{"start":{"line":12,"column":25},"end":{"line":12,"column":42}},"9":{"start":{"line":8,"column":21},"end":{"line":8,"column":null}},"10":{"start":{"line":16,"column":8},"end":{"line":16,"column":72}},"11":{"start":{"line":17,"column":8},"end":{"line":17,"column":null}},"12":{"start":{"line":18,"column":8},"end":{"line":18,"column":null}},"13":{"start":{"line":22,"column":21},"end":{"line":22,"column":65}},"14":{"start":{"line":23,"column":8},"end":{"line":25,"column":9}},"15":{"start":{"line":24,"column":12},"end":{"line":24,"column":80}},"16":{"start":{"line":26,"column":24},"end":{"line":26,"column":83}},"17":{"start":{"line":27,"column":8},"end":{"line":30,"column":9}},"18":{"start":{"line":28,"column":12},"end":{"line":28,"column":null}},"19":{"start":{"line":29,"column":12},"end":{"line":29,"column":null}},"20":{"start":{"line":31,"column":24},"end":{"line":31,"column":60}},"21":{"start":{"line":32,"column":22},"end":{"line":32,"column":62}},"22":{"start":{"line":33,"column":8},"end":{"line":33,"column":null}},"23":{"start":{"line":7,"column":13},"end":{"line":7,"column":24}},"24":{"start":{"line":7,"column":13},"end":{"line":36,"column":null}}},"fnMap":{"0":{"name":"(anonymous_2)","decl":{"start":{"line":9,"column":4},"end":{"line":9,"column":null}},"loc":{"start":{"line":12,"column":57},"end":{"line":13,"column":9}}},"1":{"name":"(anonymous_3)","decl":{"start":{"line":15,"column":4},"end":{"line":15,"column":9}},"loc":{"start":{"line":15,"column":66},"end":{"line":19,"column":5}}},"2":{"name":"(anonymous_4)","decl":{"start":{"line":21,"column":4},"end":{"line":21,"column":9}},"loc":{"start":{"line":21,"column":48},"end":{"line":35,"column":5}}}},"branchMap":{"0":{"loc":{"start":{"line":23,"column":8},"end":{"line":25,"column":9}},"type":"if","locations":[{"start":{"line":23,"column":8},"end":{"line":25,"column":9}}]},"1":{"loc":{"start":{"line":27,"column":8},"end":{"line":30,"column":9}},"type":"if","locations":[{"start":{"line":27,"column":8},"end":{"line":30,"column":9}}]}},"s":{"0":2,"1":2,"2":2,"3":2,"4":2,"5":2,"6":2,"7":2,"8":2,"9":2,"10":13,"11":12,"12":12,"13":10,"14":10,"15":1,"16":9,"17":9,"18":1,"19":1,"20":8,"21":8,"22":8,"23":2,"24":2},"f":{"0":2,"1":13,"2":10},"b":{"0":[1],"1":[1]}}
,"/usr/src/app/src/services/cache.service.ts": {"path":"/usr/src/app/src/services/cache.service.ts","statementMap":{"0":{"start":{"line":1,"column":0},"end":{"line":1,"column":60}},"1":{"start":{"line":2,"column":0},"end":{"line":2,"column":27}},"2":{"start":{"line":10,"column":29},"end":{"line":33,"column":null}},"3":{"start":{"line":14,"column":49},"end":{"line":14,"column":63}},"4":{"start":{"line":11,"column":21},"end":{"line":11,"column":64}},"5":{"start":{"line":18,"column":8},"end":{"line":23,"column":9}},"6":{"start":{"line":19,"column":12},"end":{"line":19,"column":null}},"7":{"start":{"line":21,"column":12},"end":{"line":21,"column":null}},"8":{"start":{"line":22,"column":12},"end":{"line":22,"column":24}},"9":{"start":{"line":27,"column":8},"end":{"line":31,"column":9}},"10":{"start":{"line":28,"column":12},"end":{"line":28,"column":null}},"11":{"start":{"line":30,"column":12},"end":{"line":30,"column":null}},"12":{"start":{"line":10,"column":13},"end":{"line":10,"column":29}},"13":{"start":{"line":10,"column":13},"end":{"line":33,"column":null}}},"fnMap":{"0":{"name":"(anonymous_4)","decl":{"start":{"line":13,"column":4},"end":{"line":13,"column":null}},"loc":{"start":{"line":14,"column":68},"end":{"line":15,"column":9}}},"1":{"name":"(anonymous_5)","decl":{"start":{"line":17,"column":4},"end":{"line":17,"column":9}},"loc":{"start":{"line":17,"column":25},"end":{"line":24,"column":5}}},"2":{"name":"(anonymous_6)","decl":{"start":{"line":26,"column":4},"end":{"line":26,"column":9}},"loc":{"start":{"line":26,"column":53},"end":{"line":32,"column":5}}}},"branchMap":{},"s":{"0":2,"1":2,"2":2,"3":2,"4":2,"5":14,"6":14,"7":1,"8":1,"9":13,"10":13,"11":1,"12":2,"13":2},"f":{"0":2,"1":14,"2":13},"b":{}}
,"/usr/src/app/src/services/password.service.ts": {"path":"/usr/src/app/src/services/password.service.ts","statementMap":{"0":{"start":{"line":1,"column":0},"end":{"line":1,"column":44}},"1":{"start":{"line":2,"column":0},"end":{"line":2,"column":33}},"2":{"start":{"line":10,"column":7},"end":{"line":18,"column":null}},"3":{"start":{"line":12,"column":8},"end":{"line":12,"column":null}},"4":{"start":{"line":16,"column":8},"end":{"line":16,"column":null}},"5":{"start":{"line":10,"column":13},"end":{"line":10,"column":28}},"6":{"start":{"line":10,"column":13},"end":{"line":18,"column":null}}},"fnMap":{"0":{"name":"(anonymous_1)","decl":{"start":{"line":11,"column":4},"end":{"line":11,"column":9}},"loc":{"start":{"line":11,"column":31},"end":{"line":13,"column":5}}},"1":{"name":"(anonymous_2)","decl":{"start":{"line":15,"column":4},"end":{"line":15,"column":9}},"loc":{"start":{"line":15,"column":48},"end":{"line":17,"column":5}}}},"branchMap":{},"s":{"0":2,"1":2,"2":2,"3":12,"4":9,"5":2,"6":2},"f":{"0":12,"1":9},"b":{}}
,"/usr/src/app/src/strategy/jwt.strategy.ts": {"path":"/usr/src/app/src/strategy/jwt.strategy.ts","statementMap":{"0":{"start":{"line":1,"column":0},"end":{"line":1,"column":44}},"1":{"start":{"line":2,"column":0},"end":{"line":2,"column":52}},"2":{"start":{"line":3,"column":0},"end":{"line":3,"column":52}},"3":{"start":{"line":4,"column":0},"end":{"line":4,"column":47}},"4":{"start":{"line":6,"column":0},"end":{"line":6,"column":65}},"5":{"start":{"line":10,"column":7},"end":{"line":26,"column":null}},"6":{"start":{"line":15,"column":26},"end":{"line":15,"column":65}},"7":{"start":{"line":16,"column":8},"end":{"line":19,"column":11}},"8":{"start":{"line":13,"column":25},"end":{"line":13,"column":41}},"9":{"start":{"line":23,"column":8},"end":{"line":23,"column":61}},"10":{"start":{"line":24,"column":8},"end":{"line":24,"column":58}},"11":{"start":{"line":10,"column":13},"end":{"line":10,"column":24}},"12":{"start":{"line":10,"column":13},"end":{"line":26,"column":null}}},"fnMap":{"0":{"name":"(anonymous_2)","decl":{"start":{"line":11,"column":4},"end":{"line":11,"column":null}},"loc":{"start":{"line":13,"column":55},"end":{"line":20,"column":5}}},"1":{"name":"(anonymous_3)","decl":{"start":{"line":22,"column":4},"end":{"line":22,"column":9}},"loc":{"start":{"line":22,"column":45},"end":{"line":25,"column":5}}}},"branchMap":{},"s":{"0":2,"1":2,"2":2,"3":2,"4":2,"5":2,"6":2,"7":2,"8":2,"9":4,"10":4,"11":2,"12":2},"f":{"0":2,"1":4},"b":{}}
}
