TN:
SF:src/auth.controller.ts
FN:7,(anonymous_4)
FN:16,(anonymous_5)
FN:27,(anonymous_6)
FNF:3
FNH:3
FNDA:2,(anonymous_4)
FNDA:13,(anonymous_5)
FNDA:10,(anonymous_6)
DA:1,2
DA:2,2
DA:3,2
DA:4,2
DA:6,2
DA:7,2
DA:16,2
DA:17,13
DA:27,2
DA:28,10
LF:10
LH:10
BRF:0
BRH:0
end_of_record
TN:
SF:src/graph.controller.ts
FN:13,(anonymous_4)
FN:26,(anonymous_5)
FN:44,(anonymous_6)
FNF:3
FNH:3
FNDA:2,(anonymous_4)
FNDA:2,(anonymous_5)
FNDA:2,(anonymous_6)
DA:1,2
DA:2,2
DA:3,2
DA:4,2
DA:5,2
DA:6,2
DA:7,2
DA:8,2
DA:11,2
DA:12,2
DA:13,2
DA:26,2
DA:30,2
DA:31,2
DA:44,2
DA:48,2
DA:49,2
LF:17
LH:17
BRF:0
BRH:0
end_of_record
TN:
SF:src/graph.service.ts
FN:7,(anonymous_1)
FN:18,(anonymous_2)
FN:20,(anonymous_3)
FN:22,(anonymous_4)
FN:32,(anonymous_5)
FN:38,(anonymous_6)
FN:45,(anonymous_7)
FN:69,(anonymous_8)
FN:92,(anonymous_9)
FN:94,(anonymous_10)
FN:123,(anonymous_11)
FN:133,(anonymous_12)
FN:139,(anonymous_13)
FNF:13
FNH:13
FNDA:60,(anonymous_1)
FNDA:10,(anonymous_2)
FNDA:30,(anonymous_3)
FNDA:90,(anonymous_4)
FNDA:30,(anonymous_5)
FNDA:90,(anonymous_6)
FNDA:30,(anonymous_7)
FNDA:10,(anonymous_8)
FNDA:10,(anonymous_9)
FNDA:30,(anonymous_10)
FNDA:10,(anonymous_11)
FNDA:2,(anonymous_12)
FNDA:4,(anonymous_13)
DA:1,2
DA:3,2
DA:6,2
DA:8,60
DA:9,60
DA:10,60
DA:11,60
DA:14,60
DA:15,60
DA:19,10
DA:20,10
DA:21,30
DA:22,30
DA:23,90
DA:24,60
DA:27,30
DA:29,10
DA:37,30
DA:38,90
DA:40,30
DA:41,30
DA:42,30
DA:44,30
DA:45,90
DA:46,90
DA:47,90
DA:48,90
DA:50,90
DA:51,180
DA:52,180
DA:53,60
DA:54,60
DA:55,60
DA:60,30
DA:61,30
DA:62,30
DA:63,60
DA:64,60
DA:66,30
DA:76,10
DA:77,10
DA:79,10
DA:80,30
DA:81,10
DA:82,10
DA:83,10
DA:84,10
DA:89,10
DA:93,10
DA:94,30
DA:95,10
DA:97,10
DA:98,10
DA:99,10
DA:100,10
DA:102,10
DA:103,10
DA:104,10
DA:106,10
DA:107,10
DA:108,10
DA:110,10
DA:111,10
DA:114,10
DA:115,10
DA:116,10
DA:117,10
DA:120,10
DA:124,10
DA:125,10
DA:126,10
DA:128,10
DA:129,10
DA:134,2
DA:137,2
DA:138,2
DA:139,4
DA:141,2
DA:144,2
DA:145,2
DA:146,2
DA:147,4
DA:149,2
DA:150,2
DA:151,2
DA:152,2
DA:153,2
LF:87
LH:87
BRDA:23,0,0,60
BRDA:38,1,0,30
BRDA:38,1,1,60
BRDA:47,2,0,0
BRDA:50,3,0,90
BRDA:50,3,1,0
BRDA:52,4,0,60
BRDA:52,5,0,180
BRDA:52,5,1,0
BRDA:64,6,0,60
BRDA:64,6,1,30
BRDA:66,7,0,30
BRDA:66,7,1,0
BRDA:80,8,0,10
BRDA:80,9,0,30
BRDA:80,9,1,20
BRDA:82,10,0,10
BRDA:89,11,0,10
BRDA:89,11,1,0
BRDA:104,12,0,0
BRDA:114,13,0,10
BRF:21
BRH:15
end_of_record
TN:
SF:src/auth/jwt.schema.ts
FNF:0
FNH:0
DA:3,2
LF:1
LH:1
BRF:0
BRH:0
end_of_record
TN:
SF:src/common/decorators/current-user.decorators.ts
FN:4,(anonymous_0)
FNF:1
FNH:1
FNDA:4,(anonymous_0)
DA:1,2
DA:3,2
DA:5,4
DA:6,4
LF:4
LH:4
BRF:0
BRH:0
end_of_record
TN:
SF:src/dto/auth.dto.ts
FNF:0
FNH:0
DA:1,2
DA:2,2
DA:4,2
DA:7,2
DA:11,2
DA:16,2
DA:19,2
DA:22,2
DA:26,2
LF:9
LH:9
BRF:0
BRH:0
end_of_record
TN:
SF:src/dto/graph-response.dto.ts
FNF:0
FNH:0
DA:1,2
DA:2,2
DA:4,2
DA:7,2
DA:11,2
DA:14,2
DA:16,2
DA:19,2
LF:8
LH:8
BRF:0
BRH:0
end_of_record
TN:
SF:src/dto/optimize.dto.ts
FN:23,(anonymous_2)
FN:39,(anonymous_3)
FNF:2
FNH:2
FNDA:12,(anonymous_2)
FNDA:4,(anonymous_3)
DA:1,2
DA:2,2
DA:3,2
DA:5,2
DA:8,2
DA:12,2
DA:16,2
DA:19,2
DA:23,12
DA:24,2
DA:28,2
DA:32,2
DA:35,2
DA:39,4
DA:40,2
LF:15
LH:15
BRF:0
BRH:0
end_of_record
TN:
SF:src/helpers/constants/errors.ts
FNF:0
FNH:0
DA:1,2
LF:1
LH:1
BRF:0
BRH:0
end_of_record
TN:
SF:src/repositories/user.repository.ts
FN:13,(anonymous_4)
FN:19,(anonymous_5)
FN:36,(anonymous_6)
FNF:3
FNH:3
FNDA:2,(anonymous_4)
FNDA:14,(anonymous_5)
FNDA:13,(anonymous_6)
DA:1,2
DA:2,2
DA:3,2
DA:4,2
DA:5,2
DA:6,2
DA:7,2
DA:9,2
DA:10,2
DA:11,2
DA:14,2
DA:15,2
DA:16,2
DA:20,14
DA:21,14
DA:23,14
DA:24,12
DA:25,12
DA:28,2
DA:29,2
DA:30,1
DA:31,1
DA:33,2
DA:37,13
DA:38,13
DA:39,1
DA:40,1
DA:43,12
DA:44,12
DA:45,12
DA:47,12
DA:48,12
DA:49,12
DA:51,12
DA:52,12
LF:35
LH:35
BRDA:23,0,0,12
BRDA:29,1,0,1
BRDA:38,2,0,1
BRF:3
BRH:3
end_of_record
TN:
SF:src/schemas/user.schema.ts
FNF:0
FNH:0
DA:1,2
DA:7,2
DA:12,2
DA:17,2
DA:22,2
DA:24,2
LF:6
LH:6
BRF:0
BRH:0
end_of_record
TN:
SF:src/services/auth.service.ts
FN:9,(anonymous_2)
FN:15,(anonymous_3)
FN:21,(anonymous_4)
FNF:3
FNH:3
FNDA:2,(anonymous_2)
FNDA:13,(anonymous_3)
FNDA:10,(anonymous_4)
DA:1,2
DA:2,2
DA:3,2
DA:4,2
DA:5,2
DA:7,2
DA:8,2
DA:10,2
DA:11,2
DA:12,2
DA:16,13
DA:17,12
DA:18,12
DA:22,10
DA:23,10
DA:24,1
DA:26,9
DA:27,9
DA:28,1
DA:29,1
DA:31,8
DA:32,8
DA:33,8
LF:23
LH:23
BRDA:23,0,0,1
BRDA:27,1,0,1
BRF:2
BRH:2
end_of_record
TN:
SF:src/services/cache.service.ts
FN:13,(anonymous_4)
FN:17,(anonymous_5)
FN:26,(anonymous_6)
FNF:3
FNH:3
FNDA:2,(anonymous_4)
FNDA:14,(anonymous_5)
FNDA:13,(anonymous_6)
DA:1,2
DA:2,2
DA:10,2
DA:11,2
DA:14,2
DA:18,14
DA:19,14
DA:21,1
DA:22,1
DA:27,13
DA:28,13
DA:30,1
LF:12
LH:12
BRF:0
BRH:0
end_of_record
TN:
SF:src/services/password.service.ts
FN:11,(anonymous_1)
FN:15,(anonymous_2)
FNF:2
FNH:2
FNDA:12,(anonymous_1)
FNDA:9,(anonymous_2)
DA:1,2
DA:2,2
DA:10,2
DA:12,12
DA:16,9
LF:5
LH:5
BRF:0
BRH:0
end_of_record
TN:
SF:src/strategy/jwt.strategy.ts
FN:11,(anonymous_2)
FN:22,(anonymous_3)
FNF:2
FNH:2
FNDA:2,(anonymous_2)
FNDA:4,(anonymous_3)
DA:1,2
DA:2,2
DA:3,2
DA:4,2
DA:6,2
DA:10,2
DA:13,2
DA:15,2
DA:16,2
DA:23,4
DA:24,4
LF:11
LH:11
BRF:0
BRH:0
end_of_record
