TN:
SF:src/auth.controller.ts
FN:7,(anonymous_4)
FN:16,(anonymous_5)
FN:27,(anonymous_6)
FNF:3
FNH:3
FNDA:2,(anonymous_4)
FNDA:10,(anonymous_5)
FNDA:8,(anonymous_6)
DA:1,2
DA:2,2
DA:3,2
DA:4,2
DA:6,2
DA:7,2
DA:16,2
DA:17,10
DA:27,2
DA:28,8
LF:10
LH:10
BRF:0
BRH:0
end_of_record
TN:
SF:src/graph.controller.ts
FN:13,(anonymous_4)
FN:26,(anonymous_5)
FN:46,(anonymous_6)
FNF:3
FNH:3
FNDA:2,(anonymous_4)
FNDA:2,(anonymous_5)
FNDA:2,(anonymous_6)
DA:1,2
DA:2,2
DA:3,2
DA:4,2
DA:5,2
DA:7,2
DA:8,2
DA:9,2
DA:11,2
DA:13,2
DA:26,2
DA:30,2
DA:31,2
DA:32,2
DA:33,0
DA:46,2
DA:50,2
DA:51,2
DA:52,2
DA:54,0
LF:20
LH:18
BRF:0
BRH:0
end_of_record
TN:
SF:src/graph.service.ts
FN:7,(anonymous_1)
FN:17,(anonymous_2)
FN:19,(anonymous_3)
FN:22,(anonymous_4)
FN:24,(anonymous_5)
FN:31,(anonymous_6)
FN:32,(anonymous_7)
FN:38,(anonymous_8)
FN:94,(anonymous_9)
FN:104,(anonymous_10)
FN:110,(anonymous_11)
FNF:11
FNH:11
FNDA:60,(anonymous_1)
FNDA:10,(anonymous_2)
FNDA:30,(anonymous_3)
FNDA:30,(anonymous_4)
FNDA:90,(anonymous_5)
FNDA:30,(anonymous_6)
FNDA:90,(anonymous_7)
FNDA:30,(anonymous_8)
FNDA:10,(anonymous_9)
FNDA:2,(anonymous_10)
FNDA:4,(anonymous_11)
DA:1,2
DA:3,2
DA:6,2
DA:8,60
DA:9,60
DA:10,60
DA:11,60
DA:14,60
DA:18,10
DA:19,30
DA:20,10
DA:22,10
DA:23,30
DA:24,30
DA:25,90
DA:26,60
DA:28,30
DA:31,10
DA:32,90
DA:33,30
DA:34,30
DA:35,30
DA:37,30
DA:38,90
DA:39,90
DA:40,90
DA:41,90
DA:42,90
DA:43,180
DA:44,180
DA:45,60
DA:46,60
DA:47,60
DA:52,30
DA:53,30
DA:54,30
DA:55,60
DA:56,60
DA:58,30
DA:61,10
DA:62,10
DA:63,10
DA:64,10
DA:66,10
DA:67,10
DA:68,10
DA:69,30
DA:70,10
DA:71,10
DA:72,10
DA:73,10
DA:77,10
DA:78,10
DA:79,10
DA:80,10
DA:81,10
DA:82,10
DA:85,10
DA:86,10
DA:87,10
DA:88,10
DA:91,10
DA:95,10
DA:96,10
DA:97,10
DA:99,10
DA:100,10
DA:105,2
DA:108,2
DA:109,2
DA:110,4
DA:112,2
DA:115,2
DA:116,2
DA:117,2
DA:118,4
DA:120,2
DA:121,2
DA:122,2
DA:123,2
DA:124,2
LF:81
LH:81
BRDA:25,0,0,60
BRDA:32,1,0,30
BRDA:32,1,1,60
BRDA:40,2,0,0
BRDA:42,3,0,90
BRDA:42,3,1,0
BRDA:44,4,0,60
BRDA:44,5,0,180
BRDA:44,5,1,0
BRDA:56,6,0,60
BRDA:56,6,1,30
BRDA:58,7,0,30
BRDA:58,7,1,0
BRDA:69,8,0,10
BRDA:69,9,0,30
BRDA:69,9,1,20
BRDA:71,10,0,10
BRDA:77,11,0,0
BRDA:85,12,0,10
BRF:19
BRH:14
end_of_record
TN:
SF:src/auth/jwt.schema.ts
FNF:0
FNH:0
DA:3,2
LF:1
LH:1
BRF:0
BRH:0
end_of_record
TN:
SF:src/common/decorators/current-user.decorators.ts
FN:4,(anonymous_0)
FNF:1
FNH:1
FNDA:4,(anonymous_0)
DA:1,2
DA:3,2
DA:5,4
DA:6,4
LF:4
LH:4
BRF:0
BRH:0
end_of_record
TN:
SF:src/dto/auth.dto.ts
FNF:0
FNH:0
DA:1,2
DA:2,2
DA:4,2
DA:7,2
DA:11,2
DA:16,2
DA:19,2
DA:22,2
DA:26,2
LF:9
LH:9
BRF:0
BRH:0
end_of_record
TN:
SF:src/dto/graph-response.dto.ts
FNF:0
FNH:0
DA:2,2
DA:3,2
DA:5,2
DA:8,2
DA:12,2
DA:15,2
DA:17,2
DA:20,2
LF:8
LH:8
BRF:0
BRH:0
end_of_record
TN:
SF:src/dto/optimize.dto.ts
FN:23,(anonymous_2)
FN:39,(anonymous_3)
FNF:2
FNH:2
FNDA:12,(anonymous_2)
FNDA:4,(anonymous_3)
DA:1,2
DA:2,2
DA:3,2
DA:5,2
DA:8,2
DA:12,2
DA:16,2
DA:19,2
DA:23,12
DA:24,2
DA:28,2
DA:32,2
DA:35,2
DA:39,4
DA:40,2
LF:15
LH:15
BRF:0
BRH:0
end_of_record
TN:
SF:src/helpers/constants/errors.ts
FNF:0
FNH:0
DA:1,2
LF:1
LH:1
BRF:0
BRH:0
end_of_record
TN:
SF:src/repositories/user.repository.ts
FN:14,(anonymous_4)
FN:19,(anonymous_5)
FN:44,(anonymous_6)
FNF:3
FNH:3
FNDA:2,(anonymous_4)
FNDA:12,(anonymous_5)
FNDA:10,(anonymous_6)
DA:1,2
DA:2,2
DA:3,2
DA:4,2
DA:5,2
DA:6,2
DA:7,2
DA:10,2
DA:11,2
DA:12,2
DA:15,2
DA:16,2
DA:20,12
DA:22,12
DA:23,12
DA:24,12
DA:25,12
DA:26,12
DA:29,0
DA:32,0
DA:33,0
DA:34,0
DA:35,0
DA:36,0
DA:38,0
DA:41,0
DA:45,10
DA:46,10
DA:47,1
DA:48,1
DA:51,9
DA:52,9
DA:53,9
DA:55,8
DA:56,8
DA:57,8
DA:58,8
DA:60,0
DA:63,8
DA:64,8
LF:40
LH:31
BRDA:24,0,0,12
BRDA:33,1,0,0
BRDA:46,2,0,1
BRF:3
BRH:2
end_of_record
TN:
SF:src/schemas/user.schema.ts
FNF:0
FNH:0
DA:1,2
DA:7,2
DA:12,2
DA:17,2
DA:22,2
DA:24,2
LF:6
LH:6
BRF:0
BRH:0
end_of_record
TN:
SF:src/services/auth.service.ts
FN:9,(anonymous_2)
FN:14,(anonymous_3)
FN:20,(anonymous_4)
FNF:3
FNH:3
FNDA:2,(anonymous_2)
FNDA:10,(anonymous_3)
FNDA:8,(anonymous_4)
DA:1,2
DA:2,2
DA:3,2
DA:4,2
DA:5,2
DA:7,2
DA:8,2
DA:10,2
DA:11,2
DA:15,10
DA:16,8
DA:17,8
DA:21,8
DA:22,8
DA:23,0
DA:25,8
DA:26,8
DA:27,1
DA:28,1
DA:30,7
DA:31,7
DA:32,7
LF:22
LH:21
BRDA:22,0,0,0
BRDA:26,1,0,1
BRF:2
BRH:1
end_of_record
TN:
SF:src/strategy/jwt.strategy.ts
FN:11,(anonymous_2)
FN:25,(anonymous_3)
FNF:2
FNH:2
FNDA:2,(anonymous_2)
FNDA:4,(anonymous_3)
DA:1,2
DA:2,2
DA:3,2
DA:4,2
DA:6,2
DA:10,2
DA:13,2
DA:15,2
DA:16,2
DA:17,0
DA:19,2
DA:26,4
DA:27,4
DA:28,0
DA:30,4
LF:15
LH:13
BRDA:16,0,0,0
BRDA:27,1,0,0
BRF:2
BRH:0
end_of_record
